Log file open, 10/03/17 09:25:12
LogWindows: LoadLibraryWithSearchPaths failed for file aqProf.dll. GetLastError=0
LogWindows: LoadLibraryWithSearchPaths failed for file VSPerf140.dll. GetLastError=0
LogWindows: LoadLibraryWithSearchPaths failed for file VtuneApi.dll. GetLastError=0
LogWindows: LoadLibraryWithSearchPaths failed for file VtuneApi32e.dll. GetLastError=0
LogInit: Display: Running engine for game: ElementalSphere
LogPlatformFile: Not using cached read wrapper
LogInit: Display: RandInit(-982994541) SRandInit(-982994541).
LogTaskGraph: Started task graph with 5 named threads and 14 total threads with 3 sets of task threads.
LogStats: Stats thread started at 0.174961
LogD3D11RHI: Aftermath initialized
LogPluginManager: Mounting plugin Paper2D
LogPluginManager: Mounting plugin LightPropagationVolume
LogPluginManager: Mounting plugin CodeLiteSourceCodeAccess
LogPluginManager: Mounting plugin GitSourceControl
LogPluginManager: Mounting plugin KDevelopSourceCodeAccess
LogPluginManager: Mounting plugin NullSourceCodeAccess
LogPluginManager: Mounting plugin PerforceSourceControl
LogPluginManager: Mounting plugin SubversionSourceControl
LogPluginManager: Mounting plugin UObjectPlugin
LogPluginManager: Mounting plugin VisualStudioSourceCodeAccess
LogPluginManager: Mounting plugin XCodeSourceCodeAccess
LogPluginManager: Mounting plugin AssetManagerEditor
LogPluginManager: Mounting plugin AudioCapture
LogPluginManager: Mounting plugin FacialAnimation
LogPluginManager: Mounting plugin GameplayTagsEditor
LogPluginManager: Mounting plugin MobileLauncherProfileWizard
LogPluginManager: Mounting plugin PluginBrowser
LogPluginManager: Mounting plugin SpeedTreeImporter
LogPluginManager: Mounting plugin AlembicImporter
LogPluginManager: Mounting plugin CharacterAI
LogPluginManager: Mounting plugin HTML5Networking
LogPluginManager: Mounting plugin AndroidMedia
LogPluginManager: Mounting plugin AvfMedia
LogPluginManager: Mounting plugin MediaPlayerEditor
LogPluginManager: Mounting plugin WmfMedia
LogPluginManager: Mounting plugin TcpMessaging
LogPluginManager: Mounting plugin UdpMessaging
LogPluginManager: Mounting plugin LevelSequenceEditor
LogPluginManager: Mounting plugin MatineeToLevelSequence
LogPluginManager: Mounting plugin OnlineSubsystemGooglePlay
LogPluginManager: Mounting plugin OnlineSubsystemIOS
LogPluginManager: Mounting plugin OnlineSubsystem
LogPluginManager: Mounting plugin OnlineSubsystemNull
LogPluginManager: Mounting plugin OnlineSubsystemSteam
LogPluginManager: Mounting plugin OnlineSubsystemUtils
LogPluginManager: Mounting plugin AndroidDeviceProfileSelector
LogPluginManager: Mounting plugin AndroidMoviePlayer
LogPluginManager: Mounting plugin AndroidPermission
LogPluginManager: Mounting plugin AppleMoviePlayer
LogPluginManager: Mounting plugin ArchVisCharacter
LogPluginManager: Mounting plugin CableComponent
LogPluginManager: Mounting plugin CustomMeshComponent
LogPluginManager: Mounting plugin ExampleDeviceProfileSelector
LogPluginManager: Mounting plugin GoogleCloudMessaging
LogPluginManager: Mounting plugin ImmediatePhysics
LogPluginManager: Mounting plugin IOSDeviceProfileSelector
LogPluginManager: Mounting plugin LinuxDeviceProfileSelector
LogPluginManager: Mounting plugin LocationServicesBPLibrary
LogPluginManager: Mounting plugin MobilePatchingUtils
LogPluginManager: Mounting plugin OculusVR
LogPluginManager: Mounting plugin PhysXVehicles
LogPluginManager: Mounting plugin ProceduralMeshComponent
LogPluginManager: Mounting plugin RuntimePhysXCooking
LogPluginManager: Mounting plugin SteamVR
LogPluginManager: Mounting plugin WindowsMoviePlayer
LogPluginManager: Mounting plugin AdvancedSessions
LogPluginManager: Mounting plugin AdvancedSteamSessions
LogInit: Using libcurl 7.47.1
LogInit:  - built for x86_64-pc-win32
LogInit:  - supports SSL with OpenSSL/1.0.2g
LogInit:  - supports HTTP deflate (compression) using libz 1.2.8
LogInit:  - other features:
LogInit:      CURL_VERSION_SSL
LogInit:      CURL_VERSION_LIBZ
LogInit:      CURL_VERSION_IPV6
LogInit:      CURL_VERSION_ASYNCHDNS
LogInit:      CURL_VERSION_LARGEFILE
LogInit:      CURL_VERSION_IDN
LogInit:  CurlRequestOptions (configurable via config and command line):
LogInit:  - bVerifyPeer = false  - Libcurl will NOT verify peer certificate
LogInit:  - bUseHttpProxy = false  - Libcurl will NOT use HTTP proxy
LogInit:  - bDontReuseConnections = false  - Libcurl will reuse connections
LogInit:  - CertBundlePath = nullptr  - Libcurl will use whatever was configured at build time.
LogOnline: Display: STEAM: Loading Steam SDK 1.39
LogInit: WinSock: version 1.1 (2.2), MaxSocks=32767, MaxUdp=65467
LogInit: Build: ++UE4+Release-4.17-CL-3586342
LogInit: Engine Version: 4.17.1-3586342+++UE4+Release-4.17
LogInit: Compatible Engine Version: 4.17.0-3573198+++UE4+Release-4.17
LogInit: Net CL: 3573198
LogDevObjectVersion: Number of dev versions registered: 16
LogDevObjectVersion:   Dev-Blueprints (B0D832E4-1F89-4F0D-ACCF-7EB736FD4AA2): 10
LogDevObjectVersion:   Dev-Build (E1C64328-A22C-4D53-A36C-8E866417BD8C): 0
LogDevObjectVersion:   Dev-Core (375EC13C-06E4-48FB-B500-84F0262A717E): 2
LogDevObjectVersion:   Dev-Editor (E4B068ED-F494-42E9-A231-DA0B2E46BB41): 20
LogDevObjectVersion:   Dev-Framework (CFFC743F-43B0-4480-9391-14DF171D2073): 28
LogDevObjectVersion:   Dev-Mobile (B02B49B5-BB20-44E9-A304-32B752E40360): 0
LogDevObjectVersion:   Dev-Networking (A4E4105C-59A1-49B5-A7C5-40C4547EDFEE): 0
LogDevObjectVersion:   Dev-Online (39C831C9-5AE6-47DC-9A44-9C173E1C8E7C): 0
LogDevObjectVersion:   Dev-Physics (78F01B33-EBEA-4F98-B9B4-84EACCB95AA2): 0
LogDevObjectVersion:   Dev-Platform (6631380F-2D4D-43E0-8009-CF276956A95A): 0
LogDevObjectVersion:   Dev-Rendering (12F88B9F-8875-4AFC-A67C-D90C383ABD29): 19
LogDevObjectVersion:   Dev-Sequencer (7B5AE74C-D270-4C10-A958-57980B212A5A): 4
LogDevObjectVersion:   Dev-VR (D7296918-1DD6-4BDD-9DE2-64A83CC13884): 0
LogDevObjectVersion:   Dev-LoadTimes (C2A15278-BFE7-4AFE-6C17-90FF531DF755): 1
LogDevObjectVersion:   Private-Geometry (6EACA3D4-40EC-4CC1-B786-8BED09428FC5): 1
LogDevObjectVersion:   Dev-AnimPhys (29E575DD-E0A3-4627-9D10-D276232CDCEA): 7
LogInit: Compiled (64-bit): Aug 15 2017 02:05:26
LogInit: Compiled with Visual C++: 19.00.24215.01
LogInit: Build Configuration: Development
LogInit: Branch Name: ++UE4+Release-4.17
LogInit: Command line:  /Temp/Autosaves/Game/Maps/UEDPCMainMenu -game -PIEVIACONSOLE -ResX=1280 -ResY=720  -Multiprocess -messaging -SessionName="Play in Standalone Game" -windowed 
LogInit: Base directory: C:/Program Files/Epic Games/UE_4.17/Engine/Binaries/Win64/
LogInit: Installed Engine Build: 1
LogInit: Presizing for max 8388607 objects, including 0 objects not considered by GC, pre-allocating 0 bytes for permanent pool.
LogInit: Object subsystem initialized
[2017.10.03-13.25.13:290][  0]LogInit: Selected Device Profile: [Windows]
[2017.10.03-13.25.13:290][  0]LogInit: Applying CVar settings loaded from the selected device profile: [Windows]
[2017.10.03-13.25.13:294][  0]LogInit: Computer: DESKTOP-SIJTC7B
[2017.10.03-13.25.13:294][  0]LogInit: User: croch
[2017.10.03-13.25.13:294][  0]LogInit: CPU Page size=4096, Cores=4
[2017.10.03-13.25.13:294][  0]LogInit: High frequency timer resolution =2.533209 MHz
[2017.10.03-13.25.13:294][  0]LogMemory: Memory total: Physical=15.9GB (16GB approx)
[2017.10.03-13.25.13:294][  0]LogMemory: Platform Memory Stats for Windows
[2017.10.03-13.25.13:294][  0]LogMemory: Process Physical Memory: 311.24 MB used, 311.24 MB peak
[2017.10.03-13.25.13:294][  0]LogMemory: Process Virtual Memory: 296.22 MB used, 296.22 MB peak
[2017.10.03-13.25.13:294][  0]LogMemory: Physical Memory: 9760.71 MB used,  6546.32 MB free, 16307.03 MB total
[2017.10.03-13.25.13:294][  0]LogMemory: Virtual Memory: 834.27 MB used,  6546.32 MB free, 134217728.00 MB total
[2017.10.03-13.25.13:489][  0]LogInit: Using OS detected language (en-US).
[2017.10.03-13.25.13:489][  0]LogInit: Using OS detected locale (en-US).
[2017.10.03-13.25.13:492][  0]LogTextLocalizationManager: No specific localization for 'en-US' exists, so the 'en' localization will be used.
[2017.10.03-13.25.14:030][  0]LogD3D11RHI: D3D11 adapters:
[2017.10.03-13.25.14:652][  0]LogD3D11RHI:    0. 'NVIDIA GeForce GTX 970M' (Feature Level 11_0)
[2017.10.03-13.25.14:652][  0]LogD3D11RHI:       3040/0/8153 MB DedicatedVideo/DedicatedSystem/SharedSystem, Outputs:1, VendorId:0x10de
[2017.10.03-13.25.14:659][  0]LogD3D11RHI:    1. 'Intel(R) HD Graphics 4600' (Feature Level 11_0)
[2017.10.03-13.25.14:659][  0]LogD3D11RHI:       112/0/2048 MB DedicatedVideo/DedicatedSystem/SharedSystem, Outputs:0, VendorId:0x8086
[2017.10.03-13.25.14:661][  0]LogD3D11RHI:    2. 'Microsoft Basic Render Driver' (Feature Level 11_0)
[2017.10.03-13.25.14:661][  0]LogD3D11RHI:       0/0/8153 MB DedicatedVideo/DedicatedSystem/SharedSystem, Outputs:0, VendorId:0x1414
[2017.10.03-13.25.14:661][  0]LogD3D11RHI: Chosen D3D11 Adapter: 0
[2017.10.03-13.25.14:678][  0]LogD3D11RHI: Creating new Direct3DDevice
[2017.10.03-13.25.14:678][  0]LogD3D11RHI:     GPU DeviceId: 0x13d8 (for the marketing name, search the web for "GPU Device Id")
[2017.10.03-13.25.14:678][  0]LogWindows: EnumDisplayDevices:
[2017.10.03-13.25.14:678][  0]LogWindows:    0. 'Intel(R) HD Graphics 4600' (P:1 D:1)
[2017.10.03-13.25.14:678][  0]LogWindows:    1. 'Intel(R) HD Graphics 4600' (P:0 D:0)
[2017.10.03-13.25.14:679][  0]LogWindows:    2. 'Intel(R) HD Graphics 4600' (P:0 D:0)
[2017.10.03-13.25.14:679][  0]LogWindows: DebugString: GetVideoDriverDetailsInvalid PrimaryIsNotTheChoosenAdapter GetVideoDriverDetailsInvalid PrimaryIsNotTheChoosenAdapter GetVideoDriverDetailsInvalid PrimaryIsNotTheChoosenAdapter FoundDriverCount:0 
[2017.10.03-13.25.14:679][  0]LogD3D11RHI:     Adapter Name: NVIDIA GeForce GTX 970M
[2017.10.03-13.25.14:679][  0]LogD3D11RHI:   Driver Version: Unknown (internal:Unknown, unified:Unknown)
[2017.10.03-13.25.14:679][  0]LogD3D11RHI:      Driver Date: Unknown
[2017.10.03-13.25.14:679][  0]LogRHI: Texture pool is 1361 MB (70% of 1945 MB)
[2017.10.03-13.25.15:267][  0]LogD3D11RHI: Async texture creation enabled
[2017.10.03-13.25.15:299][  0]LogD3D11RHI: GPU Timing Frequency: 1000.000000 (Debug: 2 1)
[2017.10.03-13.25.15:300][  0]LogShaderCompilers: Guid format shader working directory is -26 characters bigger than the processId version (../../../../../../Users/croch/Documents/Unreal Projects/ElementalSphere/Intermediate/Shaders/WorkingDirectory/54496/).
[2017.10.03-13.25.15:300][  0]LogShaderCompilers: Cleaned the shader compiler working directory 'C:/Users/croch/AppData/Local/Temp/UnrealShaderWorkingDir/AB598D344B5409B744C28C93BF20EC6D/'.
[2017.10.03-13.25.15:300][  0]LogShaderCompilers: Display: Using Local Shader Compiler.
[2017.10.03-13.25.16:281][  0]LogTemp: Display: Loaded TP WindowsClientTargetPlatform
[2017.10.03-13.25.16:344][  0]LogTemp: Display: Loaded TP WindowsNoEditorTargetPlatform
[2017.10.03-13.25.16:400][  0]LogTemp: Display: Loaded TP WindowsServerTargetPlatform
[2017.10.03-13.25.16:457][  0]LogTemp: Display: Loaded TP WindowsTargetPlatform
[2017.10.03-13.25.16:457][  0]LogTargetPlatformManager: Display: Building Assets For Windows
[2017.10.03-13.25.16:976][  0]LogDerivedDataCache: Display: Max Cache Size: 512 MB
[2017.10.03-13.25.17:052][  0]LogDerivedDataCache: Loaded boot cache 0.08s 93MB C:/Users/croch/AppData/Local/UnrealEngine/4.17/DerivedDataCache/Boot.ddc.
[2017.10.03-13.25.17:052][  0]LogDerivedDataCache: Display: Loaded Boot cache: C:/Users/croch/AppData/Local/UnrealEngine/4.17/DerivedDataCache/Boot.ddc
[2017.10.03-13.25.17:052][  0]LogDerivedDataCache: FDerivedDataBackendGraph:  Pak pak cache file ../../../../../../Users/croch/Documents/Unreal Projects/ElementalSphere/DerivedDataCache/DDC.ddp not found, will not use a pak cache.
[2017.10.03-13.25.17:052][  0]LogDerivedDataCache: Unable to find inner node Pak for hierarchical cache Hierarchy.
[2017.10.03-13.25.17:052][  0]LogDerivedDataCache: FDerivedDataBackendGraph:  CompressedPak pak cache file ../../../../../../Users/croch/Documents/Unreal Projects/ElementalSphere/DerivedDataCache/Compressed.ddp not found, will not use a pak cache.
[2017.10.03-13.25.17:052][  0]LogDerivedDataCache: Unable to find inner node CompressedPak for hierarchical cache Hierarchy.
[2017.10.03-13.25.17:068][  0]LogDerivedDataCache: Display: Pak cache opened for reading ../../../Engine/DerivedDataCache/Compressed.ddp.
[2017.10.03-13.25.17:080][  0]LogDerivedDataCache: Using Local data cache path C:/Users/croch/AppData/Local/UnrealEngine/Common/DerivedDataCache: Writable
[2017.10.03-13.25.17:089][  0]LogMaterial: Verifying Global Shaders for PCD3D_SM5
[2017.10.03-13.25.17:089][  0]LogSlate: Using Freetype 2.6.0
[2017.10.03-13.25.17:090][  0]LogSlate: SlateFontCache - WITH_FREETYPE: 1, WITH_HARFBUZZ: 1
[2017.10.03-13.25.17:090][  0]LogSlate: SlateFontCache - WITH_FREETYPE: 1, WITH_HARFBUZZ: 1
[2017.10.03-13.25.17:428][  0]LogAssetRegistry: FAssetRegistry took 0.0043 seconds to start up
[2017.10.03-13.25.17:463][  0]LogPackageLocalizationCache: Processed 5 localized package path(s) for 2 prioritized culture(s) in 0.010799 seconds
[2017.10.03-13.25.17:545][  0]LogInit: Selected Device Profile: [Windows]
[2017.10.03-13.25.17:868][  0]LogSimplygon: Simplygon DLL not present - disabling.
[2017.10.03-13.25.17:911][  0]LogMeshReduction: Using SimplygonSwarm for distributed automatic mesh merging
[2017.10.03-13.25.17:911][  0]LogMeshReduction: Using QuadricMeshReduction for automatic static mesh reduction
[2017.10.03-13.25.17:911][  0]LogMeshReduction: No automatic skeletal mesh reduction module available
[2017.10.03-13.25.17:911][  0]LogMeshReduction: No automatic mesh merging module available
[2017.10.03-13.25.17:911][  0]LogMeshMerging: No automatic mesh merging module available
[2017.10.03-13.25.17:912][  0]LogContentStreaming: Texture pool size is 1000.00 MB
[2017.10.03-13.25.18:290][  0]LogNetVersion: ElementalSphere , NetCL: 3573198, EngineNetVer: 2, GameNetVer: 0 (Checksum: 3728889089)
[2017.10.03-13.25.19:621][  0]LogMoviePlayer: Initializing movie player
[2017.10.03-13.25.19:676][  0]LogWindowsTextInputMethodSystem: Display: IME system now deactivated.
[2017.10.03-13.25.19:676][  0]LogWindowsTextInputMethodSystem: Display: IME system now deactivated.
[2017.10.03-13.25.20:014][  0]LogCollectionManager: Loaded 0 collections in 0.001210 seconds
[2017.10.03-13.25.20:071][  0]LogFileCache: Scanning file cache for directory 'C:/Users/croch/Documents/Unreal Projects/ElementalSphere/Saved/Collections/' took 0.01s
[2017.10.03-13.25.20:071][  0]LogFileCache: Scanning file cache for directory 'C:/Users/croch/Documents/Unreal Projects/ElementalSphere/Content/Developers/croch/Collections/' took 0.01s
[2017.10.03-13.25.20:071][  0]LogFileCache: Scanning file cache for directory 'C:/Users/croch/Documents/Unreal Projects/ElementalSphere/Content/Collections/' took 0.01s
[2017.10.03-13.25.20:071][  0]LogCollectionManager: Rebuilt the object cache for 0 collections in 0.000000 seconds (found 0 objects)
[2017.10.03-13.25.20:071][  0]LogCollectionManager: Fixed up redirectors for 0 collections in 0.000073 seconds (updated 0 objects)
[2017.10.03-13.25.20:238][  0]LogTcpMessaging: Initializing TcpMessaging bridge
[2017.10.03-13.25.20:278][  0]LogUdpMessaging: Initializing bridge on interface 0.0.0.0:0 to multicast group 230.0.0.1:6666.
[2017.10.03-13.25.20:818][  0]SourceControl: Source control is disabled
[2017.10.03-13.25.20:818][  0]SourceControl: Source control is disabled
[2017.10.03-13.25.20:865][  0]SourceControl: Source control is disabled
[2017.10.03-13.25.21:131][  0]LogAndroidPermission: UAndroidPermissionCallbackProxy::GetInstance
[2017.10.03-13.25.21:368][  0]LogOcInput: OculusInput pre-init called
[2017.10.03-13.25.21:469][  0]LogUObjectArray: 39297 objects as part of root set at end of initial load.
[2017.10.03-13.25.21:469][  0]LogUObjectAllocator: 8785664 out of 0 bytes used by permanent object pool.
[2017.10.03-13.25.21:469][  0]LogUObjectArray: CloseDisregardForGC: 0/0 objects in disregard for GC pool
[2017.10.03-13.25.21:577][  0]LogEngine: Initializing Engine...
[2017.10.03-13.25.21:578][  0]LogHMD: Failed to initialize OpenVR with code 110
[2017.10.03-13.25.21:741][  0]LogStats: UGameplayTagsManager::ConstructGameplayTagTree: Construct from data asset -  0.000 s
[2017.10.03-13.25.21:741][  0]LogStats: UGameplayTagsManager::ConstructGameplayTagTree: GameplayTagTreeChangedEvent.Broadcast -  0.000 s
[2017.10.03-13.25.21:746][  0]LogInit: XAudio2 using 'Speakers (High Definition Audio Device)' : 2 channels at 48 kHz using 16 bits per sample (channel mask 0x3)
[2017.10.03-13.25.21:755][  0]LogInit: FAudioDevice initialized.
[2017.10.03-13.25.21:777][  0]LogInit: Texture streaming: Enabled
[2017.10.03-13.25.21:795][  0]LogMaterial: Uniform references updated for custom material expression Custom.
[2017.10.03-13.25.22:053][  0]LogSlateStyle: Warning: Unable to find Slate Widget Style 'NormalText'. Using FTextBlockStyle defaults instead.
[2017.10.03-13.25.22:053][  0]LogSlateStyle: Warning: Unable to find Slate Widget Style 'SpinBox'. Using FSpinBoxStyle defaults instead.
[2017.10.03-13.25.22:260][  0]LogProperty: Error: UStructProperty::Serialize Loading: Property 'StructProperty /Game/Blueprints/AllLevels/PlayerSaveGame.PlayerSaveGame_C:S_PlayerInfo'. Unknown structure.
[2017.10.03-13.25.22:260][  0]LogClass: Warning: Property S_PlayerInfo of S_PlayerInfo has a struct type mismatch (tag STRUCT_REINST_PlayerInfo_0 != prop FallbackStruct) in package:  ../../../../../../Users/croch/Documents/Unreal Projects/ElementalSphere/Content/Blueprints/AllLevels/PlayerSaveGame.uasset. If that struct got renamed, add an entry to ActiveStructRedirects.
[2017.10.03-13.25.22:364][  0]LogClass: Warning: Property S_PlayerInfo of S_PlayerInfo has a struct type mismatch (tag FallbackStruct != prop PlayerInfo) in package:  FObjectReader. If that struct got renamed, add an entry to ActiveStructRedirects.
[2017.10.03-13.25.22:417][  0]LogInit: Display: Game Engine Initialized.
[2017.10.03-13.25.22:417][  0]LogGameplayTags: Display: UGameplayTagsManager::DoneAddingNativeTags. DelegateIsBound: 0
[2017.10.03-13.25.22:572][  0]LogInit: Display: Starting Game.
[2017.10.03-13.25.22:572][  0]LogNet: Browse: /Temp/Autosaves/Game/Maps/UEDPCMainMenu?Name=Player
[2017.10.03-13.25.22:572][  0]LogLoad: LoadMap: /Temp/Autosaves/Game/Maps/UEDPCMainMenu?Name=Player
[2017.10.03-13.25.22:595][  0]LogMemory: Platform Memory Stats for Windows
[2017.10.03-13.25.22:595][  0]LogMemory: Process Physical Memory: 888.04 MB used, 972.10 MB peak
[2017.10.03-13.25.22:595][  0]LogMemory: Process Virtual Memory: 980.84 MB used, 1018.97 MB peak
[2017.10.03-13.25.22:595][  0]LogMemory: Physical Memory: 9944.94 MB used,  6362.09 MB free, 16307.03 MB total
[2017.10.03-13.25.22:595][  0]LogMemory: Virtual Memory: 1782.86 MB used,  6362.09 MB free, 134217728.00 MB total
[2017.10.03-13.25.22:595][  0]LogMemory: 
[2017.10.03-13.25.22:595][  0]Allocator Stats for TBB: (not implemented)
[2017.10.03-13.25.22:831][  0]LogAIModule: Creating AISystem for world MainMenu
[2017.10.03-13.25.22:832][  0]LogLinker: Warning: Can't find file '/Game/RollingBP/Blueprints/RollingGameMode'
[2017.10.03-13.25.22:832][  0]LogUObjectGlobals: Warning: Failed to load '/Game/RollingBP/Blueprints/RollingGameMode': Can't find file '/Game/RollingBP/Blueprints/RollingGameMode'
[2017.10.03-13.25.22:833][  0]LogLinker: Warning: Can't find file '/Game/RollingBP/Blueprints/RollingGameMode'
[2017.10.03-13.25.22:833][  0]LogUObjectGlobals: Warning: Failed to load '/Game/RollingBP/Blueprints/RollingGameMode': Can't find file '/Game/RollingBP/Blueprints/RollingGameMode'
[2017.10.03-13.25.22:833][  0]LogUObjectGlobals: Warning: Failed to find object 'Class /Game/RollingBP/Blueprints/RollingGameMode.RollingGameMode_C'
[2017.10.03-13.25.22:833][  0]LogLoad: Game class is 'GameModeBase'
[2017.10.03-13.25.22:847][  0]LogWorld: Bringing World /Temp/Autosaves/Game/Maps/UEDPCMainMenu.MainMenu up for play (max tick rate 0) at 2017.10.03-09.25.22
[2017.10.03-13.25.22:847][  0]LogWorld: Bringing up level for play took: 0.001036
[2017.10.03-13.25.22:854][  0]LogBlueprintUserMessages: [GameInfoInstance_C_0] true
[2017.10.03-13.25.22:872][  0]LogLoad: Took 0.299565 seconds to LoadMap(/Temp/Autosaves/Game/Maps/UEDPCMainMenu)
[2017.10.03-13.25.23:217][  0]LogRenderer: Reallocating scene render targets to support 1280x720 Format 10 NumSamples 1 (Frame:1).
[2017.10.03-13.25.23:217][  0]LogLoad: (Engine Initialization) Total time: 11.59 seconds
[2017.10.03-13.25.23:217][  0]LogLoad: (Engine Initialization) Total Blueprint compile time: 0.00 seconds
[2017.10.03-13.25.23:217][  0]LogExternalProfiler: No external profilers were discovered.  External profiling features will not be available.
[2017.10.03-13.25.31:298][498]LogSlate: Took 0.000201 seconds to synchronously load lazily loaded font '../../../Engine/Content/Slate/Fonts/Roboto-Regular.ttf' (155K)
[2017.10.03-13.25.32:892][597]LogNetVersion: ElementalSphere 1.0.0.0, NetCL: 3573198, EngineNetVer: 2, GameNetVer: 0 (Checksum: 2635943733)
[2017.10.03-13.25.32:898][597]LogInit: WinSock: I am DESKTOP-SIJTC7B (192.168.1.102:0)
[2017.10.03-13.25.32:958][597]LogPackageName: SearchForPackageOnDisk took   0.055s to resolve Lobby.umap.
[2017.10.03-13.25.33:009][597]LogPackageName: SearchForPackageOnDisk took   0.050s to resolve Lobby.umap.
[2017.10.03-13.25.33:009][597]LogNet: Browse: /Game/Maps/Lobby?listen
[2017.10.03-13.25.33:009][597]LogLoad: LoadMap: /Game/Maps/Lobby?listen
[2017.10.03-13.25.33:030][597]LogMemory: Platform Memory Stats for Windows
[2017.10.03-13.25.33:030][597]LogMemory: Process Physical Memory: 852.30 MB used, 972.10 MB peak
[2017.10.03-13.25.33:030][597]LogMemory: Process Virtual Memory: 1093.79 MB used, 1223.68 MB peak
[2017.10.03-13.25.33:030][597]LogMemory: Physical Memory: 10244.85 MB used,  6062.18 MB free, 16307.03 MB total
[2017.10.03-13.25.33:030][597]LogMemory: Virtual Memory: 1998.43 MB used,  6062.18 MB free, 134217728.00 MB total
[2017.10.03-13.25.33:030][597]LogMemory: 
[2017.10.03-13.25.33:030][597]Allocator Stats for TBB: (not implemented)
[2017.10.03-13.25.33:242][597]LogAIModule: Creating AISystem for world Lobby
[2017.10.03-13.25.33:242][597]LogLoad: Game class is 'LobbyGM_C'
[2017.10.03-13.25.33:242][597]LogTemp: Display: ParseSettings for GameNetDriver
[2017.10.03-13.25.33:242][597]LogTemp: Display: ParseSettings for SteamNetDriver_0
[2017.10.03-13.25.33:243][597]LogTemp: Display: ParseSettings for GameNetDriver
[2017.10.03-13.25.33:243][597]LogNet: Display: SteamNetDriver_0 bound to port 7777
[2017.10.03-13.25.33:243][597]PacketHandlerLog: Loaded PacketHandler component: Engine.EngineHandlerComponentFactory (StatelessConnectHandlerComponent)
[2017.10.03-13.25.33:243][597]LogNet: GameNetDriver SteamNetDriver_0 IpNetDriver listening on port 7777
[2017.10.03-13.25.33:245][597]LogWorld: Bringing World /Game/Maps/Lobby.Lobby up for play (max tick rate 0) at 2017.10.03-09.25.33
[2017.10.03-13.25.33:245][597]LogWorld: Bringing up level for play took: 0.001433
[2017.10.03-13.25.33:247][597]LogBlueprintUserMessages: [LobbyGM_C_0] Updated
[2017.10.03-13.25.33:251][597]LogLoad: Took 0.241407 seconds to LoadMap(/Game/Maps/Lobby)
[2017.10.03-13.25.35:689][739]LogPackageName: SearchForPackageOnDisk took   0.059s to resolve MainMenu.umap.
[2017.10.03-13.25.35:740][739]LogPackageName: SearchForPackageOnDisk took   0.050s to resolve MainMenu.umap.
[2017.10.03-13.25.35:740][739]LogNet: Browse: /Game/Maps/MainMenu
[2017.10.03-13.25.35:740][739]LogLoad: LoadMap: /Game/Maps/MainMenu
[2017.10.03-13.25.35:740][739]LogNet: World NetDriver shutdown SteamNetDriver_0 [GameNetDriver]
[2017.10.03-13.25.35:740][739]LogNet: DestroyNamedNetDriver SteamNetDriver_0 [GameNetDriver]
[2017.10.03-13.25.35:740][739]LogExit: GameNetDriver SteamNetDriver_0 shut down
[2017.10.03-13.25.35:741][739]LogScriptCore: Warning: Script Msg: DestroySession - Invalid player state
[2017.10.03-13.25.35:767][739]LogMemory: Platform Memory Stats for Windows
[2017.10.03-13.25.35:767][739]LogMemory: Process Physical Memory: 900.29 MB used, 972.10 MB peak
[2017.10.03-13.25.35:767][739]LogMemory: Process Virtual Memory: 1231.24 MB used, 1239.02 MB peak
[2017.10.03-13.25.35:767][739]LogMemory: Physical Memory: 10282.39 MB used,  6024.64 MB free, 16307.03 MB total
[2017.10.03-13.25.35:767][739]LogMemory: Virtual Memory: 2097.93 MB used,  6024.64 MB free, 134217728.00 MB total
[2017.10.03-13.25.35:767][739]LogMemory: 
[2017.10.03-13.25.35:767][739]Allocator Stats for TBB: (not implemented)
[2017.10.03-13.25.35:773][739]LogAIModule: Creating AISystem for world MainMenu
[2017.10.03-13.25.35:774][739]LogLoad: Game class is 'GameModeBase'
[2017.10.03-13.25.35:774][739]LogWorld: Bringing World /Game/Maps/MainMenu.MainMenu up for play (max tick rate 0) at 2017.10.03-09.25.35
[2017.10.03-13.25.35:775][739]LogWorld: Bringing up level for play took: 0.000399
[2017.10.03-13.25.35:775][739]LogGameMode: FindPlayerStart: PATHS NOT DEFINED or NO PLAYERSTART with positive rating
[2017.10.03-13.25.35:776][739]LogBlueprintUserMessages: [GameInfoInstance_C_0] true
[2017.10.03-13.25.35:776][739]LogLoad: Took 0.036443 seconds to LoadMap(/Game/Maps/MainMenu)
[2017.10.03-13.25.36:455][782]Closing by request
[2017.10.03-13.25.36:455][782]LogWindows: FPlatformMisc::RequestExit(0)
[2017.10.03-13.25.36:611][783]LogWindowsTextInputMethodSystem: Display: IME system now deactivated.
[2017.10.03-13.25.36:612][783]LogWindowsTextInputMethodSystem: Display: IME system now deactivated.
[2017.10.03-13.25.36:623][783]LogExit: Preparing to exit.
[2017.10.03-13.25.36:623][783]LogMoviePlayer: Shutting down movie player
[2017.10.03-13.25.37:409][783]LogExit: Game engine shut down
[2017.10.03-13.25.37:457][783]LogExit: Object subsystem successfully closed.
[2017.10.03-13.25.37:473][783]LogD3D11RHI: Shutdown
[2017.10.03-13.25.37:473][783]LogD3D11RHI: CleanupD3DDevice
[2017.10.03-13.25.37:474][783]LogD3D11RHI: ~FD3D11DynamicRHI
[2017.10.03-13.25.37:484][783]LogModuleManager: Shutting down and abandoning module SequenceRecorderSections (310)
[2017.10.03-13.25.37:484][783]LogModuleManager: Shutting down and abandoning module SequenceRecorder (308)
[2017.10.03-13.25.37:484][783]LogModuleManager: Shutting down and abandoning module AutomationController (306)
[2017.10.03-13.25.37:484][783]LogModuleManager: Shutting down and abandoning module AutomationWorker (304)
[2017.10.03-13.25.37:484][783]LogModuleManager: Shutting down and abandoning module AIModule (302)
[2017.10.03-13.25.37:484][783]LogModuleManager: Shutting down and abandoning module GameplayDebugger (301)
[2017.10.03-13.25.37:484][783]LogModuleManager: Shutting down and abandoning module AITestSuite (299)
[2017.10.03-13.25.37:484][783]LogModuleManager: Shutting down and abandoning module WmfMediaFactory (296)
[2017.10.03-13.25.37:484][783]LogModuleManager: Shutting down and abandoning module AvfMediaFactory (294)
[2017.10.03-13.25.37:484][783]LogModuleManager: Shutting down and abandoning module AndroidMediaFactory (292)
[2017.10.03-13.25.37:484][783]LogModuleManager: Shutting down and abandoning module Media (291)
[2017.10.03-13.25.37:484][783]LogModuleManager: Shutting down and abandoning module CharacterAI (288)
[2017.10.03-13.25.37:484][783]LogModuleManager: Shutting down and abandoning module SessionServices (286)
[2017.10.03-13.25.37:484][783]LogModuleManager: Shutting down and abandoning module MovieSceneCapture (284)
[2017.10.03-13.25.37:484][783]LogModuleManager: Shutting down and abandoning module MovieSceneTracks (282)
[2017.10.03-13.25.37:484][783]LogModuleManager: Shutting down and abandoning module MovieScene (280)
[2017.10.03-13.25.37:484][783]LogModuleManager: Shutting down and abandoning module GeometryCache (278)
[2017.10.03-13.25.37:484][783]LogModuleManager: Shutting down and abandoning module GeometryCacheEd (277)
[2017.10.03-13.25.37:484][783]LogModuleManager: Shutting down and abandoning module Niagara (274)
[2017.10.03-13.25.37:484][783]LogModuleManager: Shutting down and abandoning module NiagaraEditor (273)
[2017.10.03-13.25.37:484][783]LogModuleManager: Shutting down and abandoning module StreamingPauseRendering (270)
[2017.10.03-13.25.37:484][783]LogModuleManager: Shutting down and abandoning module PortalServices (268)
[2017.10.03-13.25.37:484][783]LogModuleManager: Shutting down and abandoning module PortalRpc (266)
[2017.10.03-13.25.37:484][783]LogModuleManager: Shutting down and abandoning module MessagingRpc (264)
[2017.10.03-13.25.37:484][783]LogModuleManager: Shutting down and abandoning module ProfilerService (262)
[2017.10.03-13.25.37:557][783]LogModuleManager: Shutting down and abandoning module TaskGraph (260)
[2017.10.03-13.25.37:558][783]LogModuleManager: Shutting down and abandoning module SteamVRController (258)
[2017.10.03-13.25.37:558][783]LogModuleManager: Shutting down and abandoning module ProceduralMeshComponent (256)
[2017.10.03-13.25.37:558][783]LogModuleManager: Shutting down and abandoning module OculusInput (254)
[2017.10.03-13.25.37:558][783]LogModuleManager: Shutting down and abandoning module MobilePatchingUtils (252)
[2017.10.03-13.25.37:558][783]LogModuleManager: Shutting down and abandoning module CustomMeshComponent (250)
[2017.10.03-13.25.37:558][783]LogModuleManager: Shutting down and abandoning module CableComponent (248)
[2017.10.03-13.25.37:558][783]LogModuleManager: Shutting down and abandoning module ArchVisCharacter (246)
[2017.10.03-13.25.37:558][783]LogModuleManager: Shutting down and abandoning module AndroidPermission (244)
[2017.10.03-13.25.37:558][783]LogModuleManager: Shutting down and abandoning module HTML5Networking (240)
[2017.10.03-13.25.37:558][783]LogModuleManager: Shutting down and abandoning module VisualStudioSourceCodeAccess (238)
[2017.10.03-13.25.37:558][783]LogModuleManager: Shutting down and abandoning module DesktopPlatform (237)
[2017.10.03-13.25.37:558][783]LogModuleManager: Shutting down and abandoning module HotReload (235)
[2017.10.03-13.25.37:558][783]LogDirectoryWatcher: A directory notification for 'C:/Users/croch/Documents/Unreal Projects/ElementalSphere/Plugins/AdvancedSessions/Binaries/Win64' was aborted.
[2017.10.03-13.25.37:558][783]LogDirectoryWatcher: A directory notification for 'C:/Users/croch/Documents/Unreal Projects/ElementalSphere/Plugins/AdvancedSteamSessions/Binaries/Win64' was aborted.
[2017.10.03-13.25.37:558][783]LogModuleManager: Shutting down and abandoning module UObjectPlugin (232)
[2017.10.03-13.25.37:558][783]LogModuleManager: Shutting down and abandoning module SubversionSourceControl (230)
[2017.10.03-13.25.37:558][783]LogModuleManager: Shutting down and abandoning module PerforceSourceControl (228)
[2017.10.03-13.25.37:558][783]LogModuleManager: Shutting down and abandoning module SourceControl (227)
[2017.10.03-13.25.37:558][783]LogModuleManager: Shutting down and abandoning module AdvancedSteamSessions (224)
[2017.10.03-13.25.37:558][783]LogModuleManager: Shutting down and abandoning module AdvancedSessions (222)
[2017.10.03-13.25.37:558][783]LogModuleManager: Shutting down and abandoning module RuntimePhysXCooking (220)
[2017.10.03-13.25.37:558][783]LogModuleManager: Shutting down and abandoning module PhysXVehiclesEditor (218)
[2017.10.03-13.25.37:558][783]LogModuleManager: Shutting down and abandoning module PhysXVehicles (216)
[2017.10.03-13.25.37:558][783]LogModuleManager: Shutting down and abandoning module LocationServicesBPLibrary (214)
[2017.10.03-13.25.37:558][783]LogModuleManager: Shutting down and abandoning module ImmediatePhysicsEditor (212)
[2017.10.03-13.25.37:558][783]LogModuleManager: Shutting down and abandoning module ImmediatePhysics (210)
[2017.10.03-13.25.37:558][783]LogModuleManager: Shutting down and abandoning module UdpMessaging (208)
[2017.10.03-13.25.37:659][783]LogModuleManager: Shutting down and abandoning module TcpMessaging (206)
[2017.10.03-13.25.38:246][783]LogModuleManager: Shutting down and abandoning module GameplayTagsEditor (204)
[2017.10.03-13.25.38:246][783]LogModuleManager: Shutting down and abandoning module FacialAnimation (202)
[2017.10.03-13.25.38:247][783]LogModuleManager: Shutting down and abandoning module AssetManagerEditor (200)
[2017.10.03-13.25.38:247][783]LogModuleManager: Shutting down and abandoning module GraphEditor (199)
[2017.10.03-13.25.38:247][783]LogModuleManager: Shutting down and abandoning module ContentBrowser (197)
[2017.10.03-13.25.38:247][783]LogModuleManager: Shutting down and abandoning module CollectionManager (196)
[2017.10.03-13.25.38:247][783]LogDirectoryWatcher: A directory notification for 'C:/Users/croch/Documents/Unreal Projects/ElementalSphere/Content/Collections/' was aborted.
[2017.10.03-13.25.38:247][783]LogDirectoryWatcher: A directory notification for 'C:/Users/croch/Documents/Unreal Projects/ElementalSphere/Content/Developers/croch/Collections/' was aborted.
[2017.10.03-13.25.38:247][783]LogDirectoryWatcher: A directory notification for 'C:/Users/croch/Documents/Unreal Projects/ElementalSphere/Saved/Collections/' was aborted.
[2017.10.03-13.25.38:247][783]LogModuleManager: Shutting down and abandoning module DirectoryWatcher (195)
[2017.10.03-13.25.38:247][783]LogModuleManager: Shutting down and abandoning module LightPropagationVolumeRuntime (190)
[2017.10.03-13.25.38:247][783]LogModuleManager: Shutting down and abandoning module Paper2D (188)
[2017.10.03-13.25.38:247][783]LogModuleManager: Shutting down and abandoning module WindowsMoviePlayer (186)
[2017.10.03-13.25.38:247][783]LogModuleManager: Shutting down and abandoning module WmfMedia (184)
[2017.10.03-13.25.38:248][783]LogModuleManager: Shutting down and abandoning module PacketHandler (182)
[2017.10.03-13.25.38:248][783]LogModuleManager: Shutting down and abandoning module ClothingSystemEditor (180)
[2017.10.03-13.25.38:248][783]LogModuleManager: Shutting down and abandoning module ClothingSystemRuntime (178)
[2017.10.03-13.25.38:248][783]LogModuleManager: Shutting down and abandoning module Overlay (176)
[2017.10.03-13.25.38:248][783]LogModuleManager: Shutting down and abandoning module OverlayEditor (175)
[2017.10.03-13.25.38:248][783]LogModuleManager: Shutting down and abandoning module MediaAssets (172)
[2017.10.03-13.25.38:248][783]LogModuleManager: Shutting down and abandoning module VREditor (170)
[2017.10.03-13.25.38:248][783]LogModuleManager: Shutting down and abandoning module StringTableEditor (168)
[2017.10.03-13.25.38:248][783]LogModuleManager: Shutting down and abandoning module GameplayTasksEditor (166)
[2017.10.03-13.25.38:248][783]LogModuleManager: Shutting down and abandoning module BehaviorTreeEditor (164)
[2017.10.03-13.25.38:248][783]LogModuleManager: Shutting down and abandoning module FunctionalTesting (162)
[2017.10.03-13.25.38:248][783]LogModuleManager: Shutting down and abandoning module CollisionAnalyzer (160)
[2017.10.03-13.25.38:248][783]LogModuleManager: Shutting down and abandoning module WorkspaceMenuStructure (159)
[2017.10.03-13.25.38:248][783]LogModuleManager: Shutting down and abandoning module UMG (156)
[2017.10.03-13.25.38:248][783]LogModuleManager: Shutting down and abandoning module UMGEditor (155)
[2017.10.03-13.25.38:248][783]LogModuleManager: Shutting down and abandoning module Sequencer (154)
[2017.10.03-13.25.38:248][783]LogModuleManager: Shutting down and abandoning module MessageLog (151)
[2017.10.03-13.25.38:248][783]LogModuleManager: Shutting down and abandoning module SlateReflector (146)
[2017.10.03-13.25.38:248][783]LogModuleManager: Shutting down and abandoning module Slate (144)
[2017.10.03-13.25.38:248][783]LogModuleManager: Shutting down and abandoning module EditorStyle (142)
[2017.10.03-13.25.38:250][783]LogModuleManager: Shutting down and abandoning module MRMesh (140)
[2017.10.03-13.25.38:250][783]LogModuleManager: Shutting down and abandoning module Messaging (138)
[2017.10.03-13.25.38:250][783]LogModuleManager: Shutting down and abandoning module SourceCodeAccess (136)
[2017.10.03-13.25.38:250][783]LogModuleManager: Shutting down and abandoning module HeadMountedDisplay (134)
[2017.10.03-13.25.38:250][783]LogModuleManager: Shutting down and abandoning module XAudio2 (132)
[2017.10.03-13.25.38:250][783]LogModuleManager: Shutting down and abandoning module Networking (130)
[2017.10.03-13.25.38:250][783]LogModuleManager: Shutting down and abandoning module Core (128)
[2017.10.03-13.25.38:250][783]LogModuleManager: Shutting down and abandoning module KismetCompiler (126)
[2017.10.03-13.25.38:250][783]LogModuleManager: Shutting down and abandoning module LevelSequence (124)
[2017.10.03-13.25.38:250][783]LogModuleManager: Shutting down and abandoning module MeshUtilities (122)
[2017.10.03-13.25.38:250][783]LogModuleManager: Shutting down and abandoning module MeshMergeUtilities (121)
[2017.10.03-13.25.38:250][783]LogModuleManager: Shutting down and abandoning module MeshReductionInterface (120)
[2017.10.03-13.25.38:250][783]LogModuleManager: Shutting down and abandoning module SimplygonSwarm (119)
[2017.10.03-13.25.38:250][783]LogModuleManager: Shutting down and abandoning module SimplygonMeshReduction (117)
[2017.10.03-13.25.38:250][783]LogModuleManager: Shutting down and abandoning module QuadricMeshReduction (115)
[2017.10.03-13.25.38:250][783]LogModuleManager: Shutting down and abandoning module MaterialBaking (111)
[2017.10.03-13.25.38:250][783]LogModuleManager: Shutting down and abandoning module DerivedDataCache (106)
[2017.10.03-13.25.38:588][783]LogDerivedDataCache: Shutdown
[2017.10.03-13.25.38:588][783]LogModuleManager: Shutting down and abandoning module TargetPlatform (104)
[2017.10.03-13.25.38:588][783]LogModuleManager: Shutting down and abandoning module VulkanShaderFormat (103)
[2017.10.03-13.25.38:588][783]LogModuleManager: Shutting down and abandoning module ShaderFormatVectorVM (101)
[2017.10.03-13.25.38:588][783]LogModuleManager: Shutting down and abandoning module ShaderFormatOpenGL (99)
[2017.10.03-13.25.38:588][783]LogModuleManager: Shutting down and abandoning module ShaderFormatD3D (97)
[2017.10.03-13.25.38:588][783]LogModuleManager: Shutting down and abandoning module MetalShaderFormat (95)
[2017.10.03-13.25.38:588][783]LogModuleManager: Shutting down and abandoning module TextureFormatUncompressed (93)
[2017.10.03-13.25.38:588][783]LogModuleManager: Shutting down and abandoning module TextureFormatPVR (91)
[2017.10.03-13.25.38:588][783]LogModuleManager: Shutting down and abandoning module TextureFormatDXT (89)
[2017.10.03-13.25.38:588][783]LogModuleManager: Shutting down and abandoning module TextureFormatIntelISPCTexComp (87)
[2017.10.03-13.25.38:588][783]LogModuleManager: Shutting down and abandoning module TextureFormatASTC (85)
[2017.10.03-13.25.38:588][783]LogModuleManager: Shutting down and abandoning module ImageWrapper (84)
[2017.10.03-13.25.38:588][783]LogModuleManager: Shutting down and abandoning module TextureFormatAndroid (81)
[2017.10.03-13.25.38:588][783]LogModuleManager: Shutting down and abandoning module AudioFormatOpus (79)
[2017.10.03-13.25.38:588][783]LogModuleManager: Shutting down and abandoning module AudioFormatOgg (77)
[2017.10.03-13.25.38:588][783]LogModuleManager: Shutting down and abandoning module AudioFormatADPCM (75)
[2017.10.03-13.25.38:588][783]LogModuleManager: Shutting down and abandoning module WindowsTargetPlatform (73)
[2017.10.03-13.25.38:588][783]LogModuleManager: Shutting down and abandoning module WindowsServerTargetPlatform (71)
[2017.10.03-13.25.38:588][783]LogModuleManager: Shutting down and abandoning module WindowsNoEditorTargetPlatform (69)
[2017.10.03-13.25.38:588][783]LogModuleManager: Shutting down and abandoning module WindowsClientTargetPlatform (67)
[2017.10.03-13.25.38:588][783]LogModuleManager: Shutting down and abandoning module InputCore (64)
[2017.10.03-13.25.38:588][783]LogModuleManager: Shutting down and abandoning module Settings (62)
[2017.10.03-13.25.38:588][783]LogModuleManager: Shutting down and abandoning module PhysXCooking (60)
[2017.10.03-13.25.38:588][783]LogModuleManager: Shutting down and abandoning module SteamVR (58)
[2017.10.03-13.25.38:588][783]LogModuleManager: Shutting down and abandoning module OculusHMD (56)
[2017.10.03-13.25.38:588][783]LogModuleManager: Shutting down and abandoning module ExampleDeviceProfileSelector (54)
[2017.10.03-13.25.38:588][783]LogModuleManager: Shutting down and abandoning module OnlineBlueprintSupport (52)
[2017.10.03-13.25.38:588][783]LogModuleManager: Shutting down and abandoning module OnlineSubsystem (48)
[2017.10.03-13.25.38:588][783]LogOnline: Display: STEAM: OnlineSubsystemSteam::Shutdown()
[2017.10.03-13.25.38:588][783]LogOnline: Display: OSS: FOnlineAsyncTaskManager::Stop() ActiveTask:0000000000000000 Tasks[0/0]
[2017.10.03-13.25.38:625][783]LogOnline: Display: OSS: FOnlineAsyncTaskManager::Exit() started
[2017.10.03-13.25.38:625][783]LogOnline: Display: OSS: FOnlineAsyncTaskManager::Exit() finished
[2017.10.03-13.25.38:625][783]LogOnline: Display: Unloading online subsystem: STEAM
[2017.10.03-13.25.38:625][783]LogOnline: Display: STEAM: OnlineSubsystemSteam::Shutdown()
[2017.10.03-13.25.38:625][783]LogOnline: Display: Unloading online subsystem: NULL
[2017.10.03-13.25.38:625][783]LogModuleManager: Shutting down and abandoning module XMPP (43)
[2017.10.03-13.25.38:625][783]LogModuleManager: Shutting down and abandoning module HTTP (41)
[2017.10.03-13.25.38:632][783]LogModuleManager: Shutting down and abandoning module SSL (40)
[2017.10.03-13.25.38:633][783]LogModuleManager: Shutting down and abandoning module AnimationModifiers (36)
[2017.10.03-13.25.38:633][783]LogModuleManager: Shutting down and abandoning module PropertyEditor (35)
[2017.10.03-13.25.38:633][783]LogModuleManager: Shutting down and abandoning module AudioEditor (32)
[2017.10.03-13.25.38:633][783]LogModuleManager: Shutting down and abandoning module TextureCompressor (30)
[2017.10.03-13.25.38:633][783]LogModuleManager: Shutting down and abandoning module ShaderCore (28)
[2017.10.03-13.25.38:633][783]LogModuleManager: Shutting down and abandoning module Landscape (26)
[2017.10.03-13.25.38:633][783]LogModuleManager: Shutting down and abandoning module SlateRHIRenderer (24)
[2017.10.03-13.25.38:634][783]LogModuleManager: Shutting down and abandoning module OpenGLDrv (22)
[2017.10.03-13.25.38:634][783]LogModuleManager: Shutting down and abandoning module D3D11RHI (20)
[2017.10.03-13.25.38:634][783]LogModuleManager: Shutting down and abandoning module AnimGraphRuntime (18)
[2017.10.03-13.25.38:634][783]LogModuleManager: Shutting down and abandoning module Renderer (16)
[2017.10.03-13.25.38:634][783]LogModuleManager: Shutting down and abandoning module Engine (14)
[2017.10.03-13.25.38:634][783]LogModuleManager: Shutting down and abandoning module CoreUObject (12)
[2017.10.03-13.25.38:634][783]LogModuleManager: Shutting down and abandoning module NetworkFile (10)
[2017.10.03-13.25.38:634][783]LogModuleManager: Shutting down and abandoning module CookedIterativeFile (8)
[2017.10.03-13.25.38:634][783]LogModuleManager: Shutting down and abandoning module StreamingFile (6)
[2017.10.03-13.25.38:634][783]LogModuleManager: Shutting down and abandoning module SandboxFile (4)
[2017.10.03-13.25.38:634][783]LogModuleManager: Shutting down and abandoning module PakFile (2)
[2017.10.03-13.25.38:636][783]LogExit: Exiting.
[2017.10.03-13.25.38:637][783]Log file closed, 10/03/17 09:25:38
