Log file open, 09/30/17 19:13:08
LogWindows: LoadLibraryWithSearchPaths failed for file aqProf.dll. GetLastError=0
LogWindows: LoadLibraryWithSearchPaths failed for file VSPerf140.dll. GetLastError=0
LogWindows: LoadLibraryWithSearchPaths failed for file VtuneApi.dll. GetLastError=0
LogWindows: LoadLibraryWithSearchPaths failed for file VtuneApi32e.dll. GetLastError=0
LogInit: Display: Running engine for game: ElementalSphere
LogPlatformFile: Not using cached read wrapper
LogInit: Display: RandInit(-1301883296) SRandInit(-1301883296).
LogTaskGraph: Started task graph with 5 named threads and 14 total threads with 3 sets of task threads.
LogStats: Stats thread started at 0.175789
LogD3D11RHI: Aftermath initialized
LogPluginManager: Mounting plugin Paper2D
LogPluginManager: Mounting plugin LightPropagationVolume
LogPluginManager: Mounting plugin CodeLiteSourceCodeAccess
LogPluginManager: Mounting plugin GitSourceControl
LogPluginManager: Mounting plugin KDevelopSourceCodeAccess
LogPluginManager: Mounting plugin NullSourceCodeAccess
LogPluginManager: Mounting plugin PerforceSourceControl
LogPluginManager: Mounting plugin SubversionSourceControl
LogPluginManager: Mounting plugin UObjectPlugin
LogPluginManager: Mounting plugin VisualStudioSourceCodeAccess
LogPluginManager: Mounting plugin XCodeSourceCodeAccess
LogPluginManager: Mounting plugin AssetManagerEditor
LogPluginManager: Mounting plugin AudioCapture
LogPluginManager: Mounting plugin FacialAnimation
LogPluginManager: Mounting plugin GameplayTagsEditor
LogPluginManager: Mounting plugin MobileLauncherProfileWizard
LogPluginManager: Mounting plugin PluginBrowser
LogPluginManager: Mounting plugin SpeedTreeImporter
LogPluginManager: Mounting plugin AlembicImporter
LogPluginManager: Mounting plugin CharacterAI
LogPluginManager: Mounting plugin HTML5Networking
LogPluginManager: Mounting plugin AndroidMedia
LogPluginManager: Mounting plugin AvfMedia
LogPluginManager: Mounting plugin MediaPlayerEditor
LogPluginManager: Mounting plugin WmfMedia
LogPluginManager: Mounting plugin TcpMessaging
LogPluginManager: Mounting plugin UdpMessaging
LogPluginManager: Mounting plugin LevelSequenceEditor
LogPluginManager: Mounting plugin MatineeToLevelSequence
LogPluginManager: Mounting plugin OnlineSubsystemGooglePlay
LogPluginManager: Mounting plugin OnlineSubsystemIOS
LogPluginManager: Mounting plugin OnlineSubsystem
LogPluginManager: Mounting plugin OnlineSubsystemNull
LogPluginManager: Mounting plugin OnlineSubsystemSteam
LogPluginManager: Mounting plugin OnlineSubsystemUtils
LogPluginManager: Mounting plugin AndroidDeviceProfileSelector
LogPluginManager: Mounting plugin AndroidMoviePlayer
LogPluginManager: Mounting plugin AndroidPermission
LogPluginManager: Mounting plugin AppleMoviePlayer
LogPluginManager: Mounting plugin ArchVisCharacter
LogPluginManager: Mounting plugin CableComponent
LogPluginManager: Mounting plugin CustomMeshComponent
LogPluginManager: Mounting plugin ExampleDeviceProfileSelector
LogPluginManager: Mounting plugin GoogleCloudMessaging
LogPluginManager: Mounting plugin ImmediatePhysics
LogPluginManager: Mounting plugin IOSDeviceProfileSelector
LogPluginManager: Mounting plugin LinuxDeviceProfileSelector
LogPluginManager: Mounting plugin LocationServicesBPLibrary
LogPluginManager: Mounting plugin MobilePatchingUtils
LogPluginManager: Mounting plugin OculusVR
LogPluginManager: Mounting plugin PhysXVehicles
LogPluginManager: Mounting plugin ProceduralMeshComponent
LogPluginManager: Mounting plugin RuntimePhysXCooking
LogPluginManager: Mounting plugin SteamVR
LogPluginManager: Mounting plugin WindowsMoviePlayer
LogInit: Using libcurl 7.47.1
LogInit:  - built for x86_64-pc-win32
LogInit:  - supports SSL with OpenSSL/1.0.2g
LogInit:  - supports HTTP deflate (compression) using libz 1.2.8
LogInit:  - other features:
LogInit:      CURL_VERSION_SSL
LogInit:      CURL_VERSION_LIBZ
LogInit:      CURL_VERSION_IPV6
LogInit:      CURL_VERSION_ASYNCHDNS
LogInit:      CURL_VERSION_LARGEFILE
LogInit:      CURL_VERSION_IDN
LogInit:  CurlRequestOptions (configurable via config and command line):
LogInit:  - bVerifyPeer = false  - Libcurl will NOT verify peer certificate
LogInit:  - bUseHttpProxy = false  - Libcurl will NOT use HTTP proxy
LogInit:  - bDontReuseConnections = false  - Libcurl will reuse connections
LogInit:  - CertBundlePath = nullptr  - Libcurl will use whatever was configured at build time.
LogOnline: Display: STEAM: Loading Steam SDK 1.39
LogOnline: Warning: STEAM: Steam API disabled!
LogOnline: Display: STEAM: OnlineSubsystemSteam::Shutdown()
LogInit: WinSock: version 1.1 (2.2), MaxSocks=32767, MaxUdp=65467
LogInit: Build: ++UE4+Release-4.17-CL-3586342
LogInit: Engine Version: 4.17.1-3586342+++UE4+Release-4.17
LogInit: Compatible Engine Version: 4.17.0-3573198+++UE4+Release-4.17
LogInit: Net CL: 3573198
LogDevObjectVersion: Number of dev versions registered: 16
LogDevObjectVersion:   Dev-Blueprints (B0D832E4-1F89-4F0D-ACCF-7EB736FD4AA2): 10
LogDevObjectVersion:   Dev-Build (E1C64328-A22C-4D53-A36C-8E866417BD8C): 0
LogDevObjectVersion:   Dev-Core (375EC13C-06E4-48FB-B500-84F0262A717E): 2
LogDevObjectVersion:   Dev-Editor (E4B068ED-F494-42E9-A231-DA0B2E46BB41): 20
LogDevObjectVersion:   Dev-Framework (CFFC743F-43B0-4480-9391-14DF171D2073): 28
LogDevObjectVersion:   Dev-Mobile (B02B49B5-BB20-44E9-A304-32B752E40360): 0
LogDevObjectVersion:   Dev-Networking (A4E4105C-59A1-49B5-A7C5-40C4547EDFEE): 0
LogDevObjectVersion:   Dev-Online (39C831C9-5AE6-47DC-9A44-9C173E1C8E7C): 0
LogDevObjectVersion:   Dev-Physics (78F01B33-EBEA-4F98-B9B4-84EACCB95AA2): 0
LogDevObjectVersion:   Dev-Platform (6631380F-2D4D-43E0-8009-CF276956A95A): 0
LogDevObjectVersion:   Dev-Rendering (12F88B9F-8875-4AFC-A67C-D90C383ABD29): 19
LogDevObjectVersion:   Dev-Sequencer (7B5AE74C-D270-4C10-A958-57980B212A5A): 4
LogDevObjectVersion:   Dev-VR (D7296918-1DD6-4BDD-9DE2-64A83CC13884): 0
LogDevObjectVersion:   Dev-LoadTimes (C2A15278-BFE7-4AFE-6C17-90FF531DF755): 1
LogDevObjectVersion:   Private-Geometry (6EACA3D4-40EC-4CC1-B786-8BED09428FC5): 1
LogDevObjectVersion:   Dev-AnimPhys (29E575DD-E0A3-4627-9D10-D276232CDCEA): 7
LogInit: Compiled (64-bit): Aug 15 2017 02:05:26
LogInit: Compiled with Visual C++: 19.00.24215.01
LogInit: Build Configuration: Development
LogInit: Branch Name: ++UE4+Release-4.17
LogInit: Command line: -EpicPortal 
LogInit: Base directory: C:/Program Files/Epic Games/UE_4.17/Engine/Binaries/Win64/
LogInit: Installed Engine Build: 1
LogInit: Presizing for max 8388607 objects, including 0 objects not considered by GC, pre-allocating 0 bytes for permanent pool.
LogInit: Object subsystem initialized
[2017.09.30-23.13.09:442][  0]LogInit: Selected Device Profile: [Windows]
[2017.09.30-23.13.09:442][  0]LogInit: Applying CVar settings loaded from the selected device profile: [Windows]
[2017.09.30-23.13.09:470][  0]LogInit: Computer: DESKTOP-SIJTC7B
[2017.09.30-23.13.09:470][  0]LogInit: User: croch
[2017.09.30-23.13.09:470][  0]LogInit: CPU Page size=4096, Cores=4
[2017.09.30-23.13.09:470][  0]LogInit: High frequency timer resolution =2.533209 MHz
[2017.09.30-23.13.09:470][  0]LogMemory: Memory total: Physical=15.9GB (16GB approx)
[2017.09.30-23.13.09:470][  0]LogMemory: Platform Memory Stats for Windows
[2017.09.30-23.13.09:470][  0]LogMemory: Process Physical Memory: 280.64 MB used, 280.64 MB peak
[2017.09.30-23.13.09:470][  0]LogMemory: Process Virtual Memory: 275.06 MB used, 275.06 MB peak
[2017.09.30-23.13.09:470][  0]LogMemory: Physical Memory: 8657.68 MB used,  7649.34 MB free, 16307.03 MB total
[2017.09.30-23.13.09:470][  0]LogMemory: Virtual Memory: 711.73 MB used,  7649.34 MB free, 134217728.00 MB total
[2017.09.30-23.13.09:777][  0]LogInit: Using OS detected language (en-US).
[2017.09.30-23.13.09:777][  0]LogInit: Using OS detected locale (en-US).
[2017.09.30-23.13.09:826][  0]LogTextLocalizationManager: No specific localization for 'en-US' exists, so the 'en' localization will be used.
[2017.09.30-23.13.12:493][  0]LogD3D11RHI: D3D11 adapters:
[2017.09.30-23.13.13:596][  0]LogD3D11RHI:    0. 'NVIDIA GeForce GTX 970M' (Feature Level 11_0)
[2017.09.30-23.13.13:596][  0]LogD3D11RHI:       3040/0/8153 MB DedicatedVideo/DedicatedSystem/SharedSystem, Outputs:1, VendorId:0x10de
[2017.09.30-23.13.13:602][  0]LogD3D11RHI:    1. 'Intel(R) HD Graphics 4600' (Feature Level 11_0)
[2017.09.30-23.13.13:602][  0]LogD3D11RHI:       112/0/2048 MB DedicatedVideo/DedicatedSystem/SharedSystem, Outputs:0, VendorId:0x8086
[2017.09.30-23.13.13:605][  0]LogD3D11RHI:    2. 'Microsoft Basic Render Driver' (Feature Level 11_0)
[2017.09.30-23.13.13:605][  0]LogD3D11RHI:       0/0/8153 MB DedicatedVideo/DedicatedSystem/SharedSystem, Outputs:0, VendorId:0x1414
[2017.09.30-23.13.13:605][  0]LogD3D11RHI: Chosen D3D11 Adapter: 0
[2017.09.30-23.13.13:615][  0]LogD3D11RHI: Creating new Direct3DDevice
[2017.09.30-23.13.13:615][  0]LogD3D11RHI:     GPU DeviceId: 0x13d8 (for the marketing name, search the web for "GPU Device Id")
[2017.09.30-23.13.13:615][  0]LogWindows: EnumDisplayDevices:
[2017.09.30-23.13.13:615][  0]LogWindows:    0. 'Intel(R) HD Graphics 4600' (P:1 D:1)
[2017.09.30-23.13.13:615][  0]LogWindows:    1. 'Intel(R) HD Graphics 4600' (P:0 D:0)
[2017.09.30-23.13.13:615][  0]LogWindows:    2. 'Intel(R) HD Graphics 4600' (P:0 D:0)
[2017.09.30-23.13.13:615][  0]LogWindows: DebugString: GetVideoDriverDetailsInvalid PrimaryIsNotTheChoosenAdapter GetVideoDriverDetailsInvalid PrimaryIsNotTheChoosenAdapter GetVideoDriverDetailsInvalid PrimaryIsNotTheChoosenAdapter FoundDriverCount:0 
[2017.09.30-23.13.13:615][  0]LogD3D11RHI:     Adapter Name: NVIDIA GeForce GTX 970M
[2017.09.30-23.13.13:615][  0]LogD3D11RHI:   Driver Version: Unknown (internal:Unknown, unified:Unknown)
[2017.09.30-23.13.13:615][  0]LogD3D11RHI:      Driver Date: Unknown
[2017.09.30-23.13.13:615][  0]LogRHI: Texture pool is 1361 MB (70% of 1945 MB)
[2017.09.30-23.13.14:217][  0]LogD3D11RHI: Async texture creation enabled
[2017.09.30-23.13.14:266][  0]LogD3D11RHI: GPU Timing Frequency: 1000.000000 (Debug: 2 1)
[2017.09.30-23.13.14:267][  0]LogShaderCompilers: Guid format shader working directory is -26 characters bigger than the processId version (../../../../../../Users/croch/Documents/Unreal Projects/ElementalSphere/Intermediate/Shaders/WorkingDirectory/26048/).
[2017.09.30-23.13.14:267][  0]LogShaderCompilers: Cleaned the shader compiler working directory 'C:/Users/croch/AppData/Local/Temp/UnrealShaderWorkingDir/2D566F5E4F3B342FD5F28AB1806AF88C/'.
[2017.09.30-23.13.14:267][  0]LogShaderCompilers: Display: Using Local Shader Compiler.
[2017.09.30-23.13.16:080][  0]LogTemp: Display: Loaded TP AllDesktopTargetPlatform
[2017.09.30-23.13.16:132][  0]LogTemp: Display: Loaded TP MacClientTargetPlatform
[2017.09.30-23.13.16:186][  0]LogTemp: Display: Loaded TP MacNoEditorTargetPlatform
[2017.09.30-23.13.16:238][  0]LogTemp: Display: Loaded TP MacServerTargetPlatform
[2017.09.30-23.13.16:293][  0]LogTemp: Display: Loaded TP MacTargetPlatform
[2017.09.30-23.13.16:346][  0]LogTemp: Display: Loaded TP WindowsClientTargetPlatform
[2017.09.30-23.13.16:399][  0]LogTemp: Display: Loaded TP WindowsNoEditorTargetPlatform
[2017.09.30-23.13.16:450][  0]LogTemp: Display: Loaded TP WindowsServerTargetPlatform
[2017.09.30-23.13.16:497][  0]LogTemp: Display: Loaded TP WindowsTargetPlatform
[2017.09.30-23.13.16:551][  0]LogTemp: Display: Loaded TP AndroidTargetPlatform
[2017.09.30-23.13.16:601][  0]LogTemp: Display: Loaded TP Android_ASTCTargetPlatform
[2017.09.30-23.13.16:653][  0]LogTemp: Display: Loaded TP Android_ATCTargetPlatform
[2017.09.30-23.13.16:704][  0]LogTemp: Display: Loaded TP Android_DXTTargetPlatform
[2017.09.30-23.13.16:756][  0]LogTemp: Display: Loaded TP Android_ETC1TargetPlatform
[2017.09.30-23.13.16:810][  0]LogTemp: Display: Loaded TP Android_ETC2TargetPlatform
[2017.09.30-23.13.16:913][  0]LogTemp: Display: Loaded TP Android_MultiTargetPlatform
[2017.09.30-23.13.16:913][  0]LogTemp: Display: Loaded TP Android_PVRTCTargetPlatform
[2017.09.30-23.13.16:953][  0]LogTemp: Display: Loaded TP HTML5TargetPlatform
[2017.09.30-23.13.17:051][  0]LogTemp: Display: Loaded TP IOSTargetPlatform
[2017.09.30-23.13.17:081][  0]LogTemp: Display: Loaded TP TVOSTargetPlatform
[2017.09.30-23.13.17:131][  0]LogTemp: Display: Loaded TP LinuxClientTargetPlatform
[2017.09.30-23.13.17:182][  0]LogTemp: Display: Loaded TP LinuxNoEditorTargetPlatform
[2017.09.30-23.13.17:234][  0]LogTemp: Display: Loaded TP LinuxServerTargetPlatform
[2017.09.30-23.13.17:288][  0]LogTemp: Display: Loaded TP LinuxTargetPlatform
[2017.09.30-23.13.17:288][  0]LogTargetPlatformManager: Display: Building Assets For Windows
[2017.09.30-23.13.17:801][  0]LogDerivedDataCache: Display: Max Cache Size: 512 MB
[2017.09.30-23.13.17:874][  0]LogDerivedDataCache: Loaded boot cache 0.07s 93MB C:/Users/croch/AppData/Local/UnrealEngine/4.17/DerivedDataCache/Boot.ddc.
[2017.09.30-23.13.17:874][  0]LogDerivedDataCache: Display: Loaded Boot cache: C:/Users/croch/AppData/Local/UnrealEngine/4.17/DerivedDataCache/Boot.ddc
[2017.09.30-23.13.17:875][  0]LogDerivedDataCache: FDerivedDataBackendGraph:  Pak pak cache file ../../../../../../Users/croch/Documents/Unreal Projects/ElementalSphere/DerivedDataCache/DDC.ddp not found, will not use a pak cache.
[2017.09.30-23.13.17:875][  0]LogDerivedDataCache: Unable to find inner node Pak for hierarchical cache Hierarchy.
[2017.09.30-23.13.17:875][  0]LogDerivedDataCache: FDerivedDataBackendGraph:  CompressedPak pak cache file ../../../../../../Users/croch/Documents/Unreal Projects/ElementalSphere/DerivedDataCache/Compressed.ddp not found, will not use a pak cache.
[2017.09.30-23.13.17:875][  0]LogDerivedDataCache: Unable to find inner node CompressedPak for hierarchical cache Hierarchy.
[2017.09.30-23.13.17:894][  0]LogDerivedDataCache: Display: Pak cache opened for reading ../../../Engine/DerivedDataCache/Compressed.ddp.
[2017.09.30-23.13.17:906][  0]LogDerivedDataCache: Using Local data cache path C:/Users/croch/AppData/Local/UnrealEngine/Common/DerivedDataCache: Writable
[2017.09.30-23.13.17:915][  0]LogMaterial: Verifying Global Shaders for PCD3D_SM5
[2017.09.30-23.13.17:915][  0]LogSlate: Using Freetype 2.6.0
[2017.09.30-23.13.17:928][  0]LogSlate: SlateFontCache - WITH_FREETYPE: 1, WITH_HARFBUZZ: 1
[2017.09.30-23.13.17:928][  0]LogSlate: SlateFontCache - WITH_FREETYPE: 1, WITH_HARFBUZZ: 1
[2017.09.30-23.13.18:311][  0]LogAssetRegistry: FAssetRegistry took 0.0267 seconds to start up
[2017.09.30-23.13.18:427][  0]LogInit: Selected Device Profile: [Windows]
[2017.09.30-23.13.18:548][  0]LogContentStreaming: Texture pool size is 0.00 MB
[2017.09.30-23.13.18:878][  0]LogSimplygon: Simplygon DLL not present - disabling.
[2017.09.30-23.13.18:919][  0]LogMeshReduction: Using SimplygonSwarm for distributed automatic mesh merging
[2017.09.30-23.13.18:919][  0]LogMeshReduction: Using QuadricMeshReduction for automatic static mesh reduction
[2017.09.30-23.13.18:919][  0]LogMeshReduction: No automatic skeletal mesh reduction module available
[2017.09.30-23.13.18:919][  0]LogMeshReduction: No automatic mesh merging module available
[2017.09.30-23.13.18:919][  0]LogMeshMerging: No automatic mesh merging module available
[2017.09.30-23.13.19:237][  0]LogNetVersion: ElementalSphere , NetCL: 3573198, EngineNetVer: 2, GameNetVer: 0 (Checksum: 3728889089)
[2017.09.30-23.13.19:445][  0]LogPackageLocalizationCache: Processed 5 localized package path(s) for 2 prioritized culture(s) in 0.052042 seconds
[2017.09.30-23.13.19:450][  0]LogUObjectArray: 35832 objects as part of root set at end of initial load.
[2017.09.30-23.13.19:450][  0]LogUObjectAllocator: 7742872 out of 0 bytes used by permanent object pool.
[2017.09.30-23.13.19:450][  0]LogUObjectArray: CloseDisregardForGC: 0/0 objects in disregard for GC pool
[2017.09.30-23.13.23:402][  0]LogTcpMessaging: Initializing TcpMessaging bridge
[2017.09.30-23.13.23:441][  0]LogUdpMessaging: Initializing bridge on interface 0.0.0.0:0 to multicast group 230.0.0.1:6666.
[2017.09.30-23.13.24:089][  0]LogMaterial: Uniform references updated for custom material expression Custom.
[2017.09.30-23.13.24:487][  0]SourceControl: Source control is disabled
[2017.09.30-23.13.24:487][  0]SourceControl: Source control is disabled
[2017.09.30-23.13.24:534][  0]SourceControl: Source control is disabled
[2017.09.30-23.13.24:581][  0]SourceControl: Source control is disabled
[2017.09.30-23.13.25:102][  0]LogAndroidPermission: UAndroidPermissionCallbackProxy::GetInstance
[2017.09.30-23.13.25:342][  0]LogOcInput: OculusInput pre-init called
[2017.09.30-23.13.25:592][  0]LogEngine: Initializing Engine...
[2017.09.30-23.13.25:594][  0]LogHMD: Failed to initialize OpenVR with code 110
[2017.09.30-23.13.25:788][  0]LogStats: UGameplayTagsManager::ConstructGameplayTagTree: Construct from data asset -  0.000 s
[2017.09.30-23.13.25:788][  0]LogStats: UGameplayTagsManager::ConstructGameplayTagTree: GameplayTagTreeChangedEvent.Broadcast -  0.000 s
[2017.09.30-23.13.25:919][  0]LogAIModule: Creating AISystem for world Untitled
[2017.09.30-23.13.25:924][  0]LogInit: XAudio2 using 'Speakers (High Definition Audio Device)' : 2 channels at 48 kHz using 16 bits per sample (channel mask 0x3)
[2017.09.30-23.13.25:935][  0]LogInit: FAudioDevice initialized.
[2017.09.30-23.13.26:019][  0]LogDerivedDataCache: Saved boot cache 0.08s 93MB C:/Users/croch/AppData/Local/UnrealEngine/4.17/DerivedDataCache/Boot.ddc.
[2017.09.30-23.13.26:029][  0]LogInit: Texture streaming: Enabled
[2017.09.30-23.13.26:146][  0]LogEngineSessionManager: EngineSessionManager initialized
[2017.09.30-23.13.26:370][  0]LogInit: Transaction tracking system initialized
[2017.09.30-23.13.26:685][  0]BlueprintLog: New page: Editor Load
[2017.09.30-23.13.27:582][  0]LocalizationService: Localization service is disabled
[2017.09.30-23.13.28:273][  0]LogConsoleResponse: Display: 
[2017.09.30-23.13.28:431][  0]LogCook: Display: Max memory allowance for cook 16384mb min free memory 0mb
[2017.09.30-23.13.28:431][  0]LogCook: Display: Mobile HDR setting 1
[2017.09.30-23.13.28:431][  0]LogGameplayTags: Display: UGameplayTagsManager::DoneAddingNativeTags. DelegateIsBound: 0
[2017.09.30-23.13.28:573][  0]LogFileCache: Scanning file cache for directory 'C:/Users/croch/Documents/Unreal Projects/ElementalSphere/Content/' took 0.02s
[2017.09.30-23.13.29:463][  0]SourceControl: Source control is disabled
[2017.09.30-23.13.29:464][  0]Cmd: MAP LOAD FILE="../../../../../../Users/croch/Documents/Unreal Projects/ElementalSphere/Content/Maps/MainMenu.umap" TEMPLATE=0 SHOWPROGRESS=1 FEATURELEVEL=3
[2017.09.30-23.13.29:468][  0]LightingResults: New page: Lighting Build
[2017.09.30-23.13.29:510][  0]MapCheck: New page: Map Check
[2017.09.30-23.13.29:510][  0]LightingResults: New page: Lighting Build
[2017.09.30-23.13.29:704][  0]LogAIModule: Creating AISystem for world MainMenu
[2017.09.30-23.13.29:705][  0]LogEditorServer: Finished looking for orphan Actors (0.000 secs)
[2017.09.30-23.13.29:717][  0]Cmd: MAP CHECKDEP NOCLEARLOG
[2017.09.30-23.13.29:768][  0]MapCheck: Map check complete: 0 Error(s), 0 Warning(s), took 51.265ms to complete.
[2017.09.30-23.13.29:768][  0]LogFileHelpers: Loading map 'MainMenu' took 0.304
[2017.09.30-23.13.29:943][  0]LogCollectionManager: Loaded 0 collections in 0.000910 seconds
[2017.09.30-23.13.30:022][  0]LogFileCache: Scanning file cache for directory 'C:/Users/croch/Documents/Unreal Projects/ElementalSphere/Saved/Collections/' took 0.01s
[2017.09.30-23.13.30:022][  0]LogFileCache: Scanning file cache for directory 'C:/Users/croch/Documents/Unreal Projects/ElementalSphere/Content/Developers/croch/Collections/' took 0.01s
[2017.09.30-23.13.30:022][  0]LogFileCache: Scanning file cache for directory 'C:/Users/croch/Documents/Unreal Projects/ElementalSphere/Content/Collections/' took 0.01s
[2017.09.30-23.13.30:023][  0]LogCollectionManager: Rebuilt the GUID cache for 0 collections in 0.000001 seconds
[2017.09.30-23.13.30:031][  0]LogContentBrowser: Native class hierarchy populated in 0.0083 seconds. Added 2388 classes and 503 folders.
[2017.09.30-23.13.30:097][  0]LogContentBrowser: Native class hierarchy updated for 'WidgetCarousel' in 0.0006 seconds. Added 0 classes and 0 folders.
[2017.09.30-23.13.30:382][  0]LogContentBrowser: Native class hierarchy updated for 'AddContentDialog' in 0.0006 seconds. Added 0 classes and 0 folders.
[2017.09.30-23.13.30:424][  0]LogContentBrowser: Native class hierarchy updated for 'SceneOutliner' in 0.0006 seconds. Added 1 classes and 2 folders.
[2017.09.30-23.13.30:489][  0]LogDirectoryWatcher: Warning: Failed to begin reading directory changes for ../../../../../../Users/croch/Documents/Unreal Projects/ElementalSphere/Plugins/. Error: The system cannot find the file specified. (0x00000002)
[2017.09.30-23.13.30:494][  0]LogSlate: Took 0.000225 seconds to synchronously load lazily loaded font '../../../Engine/Content/Slate/Fonts/Roboto-Regular.ttf' (155K)
[2017.09.30-23.13.30:497][  0]LogSlate: Took 0.000187 seconds to synchronously load lazily loaded font '../../../Engine/Content/Slate/Fonts/Roboto-Bold.ttf' (160K)
[2017.09.30-23.13.30:507][  0]LogSlate: Took 0.004516 seconds to synchronously load lazily loaded font '../../../Engine/Content/Editor/Slate/Fonts/FontAwesome.ttf' (139K)
[2017.09.30-23.13.30:647][  0]LogRenderer: Reallocating scene render targets to support 776x300 Format 10 NumSamples 1 (Frame:1).
[2017.09.30-23.13.30:817][  0]LogContentBrowser: Native class hierarchy updated for 'HierarchicalLODOutliner' in 0.0006 seconds. Added 1 classes and 2 folders.
[2017.09.30-23.13.30:818][  0]LogLoad: (Engine Initialization) Total time: 23.68 seconds
[2017.09.30-23.13.30:818][  0]LogLoad: (Engine Initialization) Total Blueprint compile time: 0.00 seconds
[2017.09.30-23.13.30:818][  0]LogExternalProfiler: No external profilers were discovered.  External profiling features will not be available.
[2017.09.30-23.13.30:854][  0]LogAssetRegistry: Asset discovery search completed in 12.5654 seconds
[2017.09.30-23.13.30:856][  0]LogCollectionManager: Rebuilt the object cache for 0 collections in 0.000000 seconds (found 0 objects)
[2017.09.30-23.13.30:856][  0]LogCollectionManager: Fixed up redirectors for 0 collections in 0.000041 seconds (updated 0 objects)
[2017.09.30-23.13.30:859][  0]LogContentStreaming: Texture pool size now 1000 MB
[2017.09.30-23.13.30:909][  0]LogSlate: Took 0.003327 seconds to synchronously load lazily loaded font '../../../Engine/Content/Slate/Fonts/Roboto-Light.ttf' (159K)
[2017.09.30-23.13.39:511][516]LogTemp: Repeating last play command: Standalone Game
[2017.09.30-23.13.39:601][516]LogSlate: Took 0.000135 seconds to synchronously load lazily loaded font '../../../Engine/Content/Slate/Fonts/Roboto-Light.ttf' (159K)
[2017.09.30-23.13.39:659][516]LogSavePackage: Save=25.00ms
[2017.09.30-23.13.39:659][516]LogSavePackage: Moving '../../../../../../Users/croch/Documents/Unreal Projects/ElementalSphere/Saved/UEDPCMainMenu4084ECF74E478F55F6FE33AB6DE23EDB.tmp' to '../../../../../../Users/croch/Documents/Unreal Projects/ElementalSphere/Saved/Autosaves/Game/Maps/UEDPCMainMenu.umap'
[2017.09.30-23.13.39:660][516]LogSavePackage: Display: Finished SavePackage ../../../../../../Users/croch/Documents/Unreal Projects/ElementalSphere/Saved/Autosaves/Game/Maps/UEDPCMainMenu.umap
[2017.09.30-23.13.39:669][516]LogEditorTransaction: Undo Spawn Play From Here Start
