Log file open, 10/03/17 09:27:32
LogWindows: LoadLibraryWithSearchPaths failed for file aqProf.dll. GetLastError=0
LogWindows: LoadLibraryWithSearchPaths failed for file VSPerf140.dll. GetLastError=0
LogWindows: LoadLibraryWithSearchPaths failed for file VtuneApi.dll. GetLastError=0
LogWindows: LoadLibraryWithSearchPaths failed for file VtuneApi32e.dll. GetLastError=0
LogInit: Display: Running engine for game: ElementalSphere
LogPlatformFile: Not using cached read wrapper
LogInit: Display: RandInit(-629122925) SRandInit(-629122925).
LogTaskGraph: Started task graph with 5 named threads and 14 total threads with 3 sets of task threads.
LogStats: Stats thread started at 0.178150
LogD3D11RHI: Aftermath initialized
LogPluginManager: Mounting plugin Paper2D
LogPluginManager: Mounting plugin LightPropagationVolume
LogPluginManager: Mounting plugin CodeLiteSourceCodeAccess
LogPluginManager: Mounting plugin GitSourceControl
LogPluginManager: Mounting plugin KDevelopSourceCodeAccess
LogPluginManager: Mounting plugin NullSourceCodeAccess
LogPluginManager: Mounting plugin PerforceSourceControl
LogPluginManager: Mounting plugin SubversionSourceControl
LogPluginManager: Mounting plugin UObjectPlugin
LogPluginManager: Mounting plugin VisualStudioSourceCodeAccess
LogPluginManager: Mounting plugin XCodeSourceCodeAccess
LogPluginManager: Mounting plugin AssetManagerEditor
LogPluginManager: Mounting plugin AudioCapture
LogPluginManager: Mounting plugin FacialAnimation
LogPluginManager: Mounting plugin GameplayTagsEditor
LogPluginManager: Mounting plugin MobileLauncherProfileWizard
LogPluginManager: Mounting plugin PluginBrowser
LogPluginManager: Mounting plugin SpeedTreeImporter
LogPluginManager: Mounting plugin AlembicImporter
LogPluginManager: Mounting plugin CharacterAI
LogPluginManager: Mounting plugin HTML5Networking
LogPluginManager: Mounting plugin AndroidMedia
LogPluginManager: Mounting plugin AvfMedia
LogPluginManager: Mounting plugin MediaPlayerEditor
LogPluginManager: Mounting plugin WmfMedia
LogPluginManager: Mounting plugin TcpMessaging
LogPluginManager: Mounting plugin UdpMessaging
LogPluginManager: Mounting plugin LevelSequenceEditor
LogPluginManager: Mounting plugin MatineeToLevelSequence
LogPluginManager: Mounting plugin OnlineSubsystemGooglePlay
LogPluginManager: Mounting plugin OnlineSubsystemIOS
LogPluginManager: Mounting plugin OnlineSubsystem
LogPluginManager: Mounting plugin OnlineSubsystemNull
LogPluginManager: Mounting plugin OnlineSubsystemSteam
LogPluginManager: Mounting plugin OnlineSubsystemUtils
LogPluginManager: Mounting plugin AndroidDeviceProfileSelector
LogPluginManager: Mounting plugin AndroidMoviePlayer
LogPluginManager: Mounting plugin AndroidPermission
LogPluginManager: Mounting plugin AppleMoviePlayer
LogPluginManager: Mounting plugin ArchVisCharacter
LogPluginManager: Mounting plugin CableComponent
LogPluginManager: Mounting plugin CustomMeshComponent
LogPluginManager: Mounting plugin ExampleDeviceProfileSelector
LogPluginManager: Mounting plugin GoogleCloudMessaging
LogPluginManager: Mounting plugin ImmediatePhysics
LogPluginManager: Mounting plugin IOSDeviceProfileSelector
LogPluginManager: Mounting plugin LinuxDeviceProfileSelector
LogPluginManager: Mounting plugin LocationServicesBPLibrary
LogPluginManager: Mounting plugin MobilePatchingUtils
LogPluginManager: Mounting plugin OculusVR
LogPluginManager: Mounting plugin PhysXVehicles
LogPluginManager: Mounting plugin ProceduralMeshComponent
LogPluginManager: Mounting plugin RuntimePhysXCooking
LogPluginManager: Mounting plugin SteamVR
LogPluginManager: Mounting plugin WindowsMoviePlayer
LogPluginManager: Mounting plugin AdvancedSessions
LogPluginManager: Mounting plugin AdvancedSteamSessions
LogInit: Using libcurl 7.47.1
LogInit:  - built for x86_64-pc-win32
LogInit:  - supports SSL with OpenSSL/1.0.2g
LogInit:  - supports HTTP deflate (compression) using libz 1.2.8
LogInit:  - other features:
LogInit:      CURL_VERSION_SSL
LogInit:      CURL_VERSION_LIBZ
LogInit:      CURL_VERSION_IPV6
LogInit:      CURL_VERSION_ASYNCHDNS
LogInit:      CURL_VERSION_LARGEFILE
LogInit:      CURL_VERSION_IDN
LogInit:  CurlRequestOptions (configurable via config and command line):
LogInit:  - bVerifyPeer = false  - Libcurl will NOT verify peer certificate
LogInit:  - bUseHttpProxy = false  - Libcurl will NOT use HTTP proxy
LogInit:  - bDontReuseConnections = false  - Libcurl will reuse connections
LogInit:  - CertBundlePath = nullptr  - Libcurl will use whatever was configured at build time.
LogOnline: Display: STEAM: Loading Steam SDK 1.39
LogInit: WinSock: version 1.1 (2.2), MaxSocks=32767, MaxUdp=65467
LogInit: Build: ++UE4+Release-4.17-CL-3586342
LogInit: Engine Version: 4.17.1-3586342+++UE4+Release-4.17
LogInit: Compatible Engine Version: 4.17.0-3573198+++UE4+Release-4.17
LogInit: Net CL: 3573198
LogDevObjectVersion: Number of dev versions registered: 16
LogDevObjectVersion:   Dev-Blueprints (B0D832E4-1F89-4F0D-ACCF-7EB736FD4AA2): 10
LogDevObjectVersion:   Dev-Build (E1C64328-A22C-4D53-A36C-8E866417BD8C): 0
LogDevObjectVersion:   Dev-Core (375EC13C-06E4-48FB-B500-84F0262A717E): 2
LogDevObjectVersion:   Dev-Editor (E4B068ED-F494-42E9-A231-DA0B2E46BB41): 20
LogDevObjectVersion:   Dev-Framework (CFFC743F-43B0-4480-9391-14DF171D2073): 28
LogDevObjectVersion:   Dev-Mobile (B02B49B5-BB20-44E9-A304-32B752E40360): 0
LogDevObjectVersion:   Dev-Networking (A4E4105C-59A1-49B5-A7C5-40C4547EDFEE): 0
LogDevObjectVersion:   Dev-Online (39C831C9-5AE6-47DC-9A44-9C173E1C8E7C): 0
LogDevObjectVersion:   Dev-Physics (78F01B33-EBEA-4F98-B9B4-84EACCB95AA2): 0
LogDevObjectVersion:   Dev-Platform (6631380F-2D4D-43E0-8009-CF276956A95A): 0
LogDevObjectVersion:   Dev-Rendering (12F88B9F-8875-4AFC-A67C-D90C383ABD29): 19
LogDevObjectVersion:   Dev-Sequencer (7B5AE74C-D270-4C10-A958-57980B212A5A): 4
LogDevObjectVersion:   Dev-VR (D7296918-1DD6-4BDD-9DE2-64A83CC13884): 0
LogDevObjectVersion:   Dev-LoadTimes (C2A15278-BFE7-4AFE-6C17-90FF531DF755): 1
LogDevObjectVersion:   Private-Geometry (6EACA3D4-40EC-4CC1-B786-8BED09428FC5): 1
LogDevObjectVersion:   Dev-AnimPhys (29E575DD-E0A3-4627-9D10-D276232CDCEA): 7
LogInit: Compiled (64-bit): Aug 15 2017 02:05:26
LogInit: Compiled with Visual C++: 19.00.24215.01
LogInit: Build Configuration: Development
LogInit: Branch Name: ++UE4+Release-4.17
LogInit: Command line:  /Temp/Autosaves/Game/Maps/UEDPCMainMenu -game -PIEVIACONSOLE -ResX=1280 -ResY=720  -Multiprocess -messaging -SessionName="Play in Standalone Game" -windowed 
LogInit: Base directory: C:/Program Files/Epic Games/UE_4.17/Engine/Binaries/Win64/
LogInit: Installed Engine Build: 1
LogInit: Presizing for max 8388607 objects, including 0 objects not considered by GC, pre-allocating 0 bytes for permanent pool.
LogInit: Object subsystem initialized
[2017.10.03-13.27.32:995][  0]LogInit: Selected Device Profile: [Windows]
[2017.10.03-13.27.32:995][  0]LogInit: Applying CVar settings loaded from the selected device profile: [Windows]
[2017.10.03-13.27.33:000][  0]LogInit: Computer: DESKTOP-SIJTC7B
[2017.10.03-13.27.33:000][  0]LogInit: User: croch
[2017.10.03-13.27.33:000][  0]LogInit: CPU Page size=4096, Cores=4
[2017.10.03-13.27.33:000][  0]LogInit: High frequency timer resolution =2.533209 MHz
[2017.10.03-13.27.33:001][  0]LogMemory: Memory total: Physical=15.9GB (16GB approx)
[2017.10.03-13.27.33:001][  0]LogMemory: Platform Memory Stats for Windows
[2017.10.03-13.27.33:001][  0]LogMemory: Process Physical Memory: 311.14 MB used, 311.14 MB peak
[2017.10.03-13.27.33:001][  0]LogMemory: Process Virtual Memory: 296.23 MB used, 296.23 MB peak
[2017.10.03-13.27.33:001][  0]LogMemory: Physical Memory: 9774.30 MB used,  6532.73 MB free, 16307.03 MB total
[2017.10.03-13.27.33:001][  0]LogMemory: Virtual Memory: 834.27 MB used,  6532.73 MB free, 134217728.00 MB total
[2017.10.03-13.27.33:220][  0]LogInit: Using OS detected language (en-US).
[2017.10.03-13.27.33:220][  0]LogInit: Using OS detected locale (en-US).
[2017.10.03-13.27.33:223][  0]LogTextLocalizationManager: No specific localization for 'en-US' exists, so the 'en' localization will be used.
[2017.10.03-13.27.33:815][  0]LogD3D11RHI: D3D11 adapters:
[2017.10.03-13.27.34:448][  0]LogD3D11RHI:    0. 'NVIDIA GeForce GTX 970M' (Feature Level 11_0)
[2017.10.03-13.27.34:448][  0]LogD3D11RHI:       3040/0/8153 MB DedicatedVideo/DedicatedSystem/SharedSystem, Outputs:1, VendorId:0x10de
[2017.10.03-13.27.34:455][  0]LogD3D11RHI:    1. 'Intel(R) HD Graphics 4600' (Feature Level 11_0)
[2017.10.03-13.27.34:455][  0]LogD3D11RHI:       112/0/2048 MB DedicatedVideo/DedicatedSystem/SharedSystem, Outputs:0, VendorId:0x8086
[2017.10.03-13.27.34:458][  0]LogD3D11RHI:    2. 'Microsoft Basic Render Driver' (Feature Level 11_0)
[2017.10.03-13.27.34:458][  0]LogD3D11RHI:       0/0/8153 MB DedicatedVideo/DedicatedSystem/SharedSystem, Outputs:0, VendorId:0x1414
[2017.10.03-13.27.34:458][  0]LogD3D11RHI: Chosen D3D11 Adapter: 0
[2017.10.03-13.27.34:474][  0]LogD3D11RHI: Creating new Direct3DDevice
[2017.10.03-13.27.34:474][  0]LogD3D11RHI:     GPU DeviceId: 0x13d8 (for the marketing name, search the web for "GPU Device Id")
[2017.10.03-13.27.34:474][  0]LogWindows: EnumDisplayDevices:
[2017.10.03-13.27.34:474][  0]LogWindows:    0. 'Intel(R) HD Graphics 4600' (P:1 D:1)
[2017.10.03-13.27.34:474][  0]LogWindows:    1. 'Intel(R) HD Graphics 4600' (P:0 D:0)
[2017.10.03-13.27.34:475][  0]LogWindows:    2. 'Intel(R) HD Graphics 4600' (P:0 D:0)
[2017.10.03-13.27.34:475][  0]LogWindows: DebugString: GetVideoDriverDetailsInvalid PrimaryIsNotTheChoosenAdapter GetVideoDriverDetailsInvalid PrimaryIsNotTheChoosenAdapter GetVideoDriverDetailsInvalid PrimaryIsNotTheChoosenAdapter FoundDriverCount:0 
[2017.10.03-13.27.34:475][  0]LogD3D11RHI:     Adapter Name: NVIDIA GeForce GTX 970M
[2017.10.03-13.27.34:475][  0]LogD3D11RHI:   Driver Version: Unknown (internal:Unknown, unified:Unknown)
[2017.10.03-13.27.34:475][  0]LogD3D11RHI:      Driver Date: Unknown
[2017.10.03-13.27.34:475][  0]LogRHI: Texture pool is 1361 MB (70% of 1945 MB)
[2017.10.03-13.27.35:047][  0]LogD3D11RHI: Async texture creation enabled
[2017.10.03-13.27.35:083][  0]LogD3D11RHI: GPU Timing Frequency: 1000.000000 (Debug: 2 1)
[2017.10.03-13.27.35:083][  0]LogShaderCompilers: Guid format shader working directory is -26 characters bigger than the processId version (../../../../../../Users/croch/Documents/Unreal Projects/ElementalSphere/Intermediate/Shaders/WorkingDirectory/45588/).
[2017.10.03-13.27.35:083][  0]LogShaderCompilers: Cleaned the shader compiler working directory 'C:/Users/croch/AppData/Local/Temp/UnrealShaderWorkingDir/63CF99E243386837823AF68781D4D084/'.
[2017.10.03-13.27.35:083][  0]LogShaderCompilers: Display: Using Local Shader Compiler.
[2017.10.03-13.27.36:042][  0]LogTemp: Display: Loaded TP WindowsClientTargetPlatform
[2017.10.03-13.27.36:101][  0]LogTemp: Display: Loaded TP WindowsNoEditorTargetPlatform
[2017.10.03-13.27.36:153][  0]LogTemp: Display: Loaded TP WindowsServerTargetPlatform
[2017.10.03-13.27.36:207][  0]LogTemp: Display: Loaded TP WindowsTargetPlatform
[2017.10.03-13.27.36:207][  0]LogTargetPlatformManager: Display: Building Assets For Windows
[2017.10.03-13.27.36:714][  0]LogDerivedDataCache: Display: Max Cache Size: 512 MB
[2017.10.03-13.27.36:801][  0]LogDerivedDataCache: Loaded boot cache 0.09s 93MB C:/Users/croch/AppData/Local/UnrealEngine/4.17/DerivedDataCache/Boot.ddc.
[2017.10.03-13.27.36:801][  0]LogDerivedDataCache: Display: Loaded Boot cache: C:/Users/croch/AppData/Local/UnrealEngine/4.17/DerivedDataCache/Boot.ddc
[2017.10.03-13.27.36:801][  0]LogDerivedDataCache: FDerivedDataBackendGraph:  Pak pak cache file ../../../../../../Users/croch/Documents/Unreal Projects/ElementalSphere/DerivedDataCache/DDC.ddp not found, will not use a pak cache.
[2017.10.03-13.27.36:801][  0]LogDerivedDataCache: Unable to find inner node Pak for hierarchical cache Hierarchy.
[2017.10.03-13.27.36:801][  0]LogDerivedDataCache: FDerivedDataBackendGraph:  CompressedPak pak cache file ../../../../../../Users/croch/Documents/Unreal Projects/ElementalSphere/DerivedDataCache/Compressed.ddp not found, will not use a pak cache.
[2017.10.03-13.27.36:801][  0]LogDerivedDataCache: Unable to find inner node CompressedPak for hierarchical cache Hierarchy.
[2017.10.03-13.27.36:817][  0]LogDerivedDataCache: Display: Pak cache opened for reading ../../../Engine/DerivedDataCache/Compressed.ddp.
[2017.10.03-13.27.36:829][  0]LogDerivedDataCache: Using Local data cache path C:/Users/croch/AppData/Local/UnrealEngine/Common/DerivedDataCache: Writable
[2017.10.03-13.27.36:839][  0]LogMaterial: Verifying Global Shaders for PCD3D_SM5
[2017.10.03-13.27.36:839][  0]LogSlate: Using Freetype 2.6.0
[2017.10.03-13.27.36:840][  0]LogSlate: SlateFontCache - WITH_FREETYPE: 1, WITH_HARFBUZZ: 1
[2017.10.03-13.27.36:840][  0]LogSlate: SlateFontCache - WITH_FREETYPE: 1, WITH_HARFBUZZ: 1
[2017.10.03-13.27.37:179][  0]LogAssetRegistry: FAssetRegistry took 0.0043 seconds to start up
[2017.10.03-13.27.37:213][  0]LogPackageLocalizationCache: Processed 5 localized package path(s) for 2 prioritized culture(s) in 0.010243 seconds
[2017.10.03-13.27.37:299][  0]LogInit: Selected Device Profile: [Windows]
[2017.10.03-13.27.37:393][  0]LogContentStreaming: Texture pool size is 1000.00 MB
[2017.10.03-13.27.37:625][  0]LogSimplygon: Simplygon DLL not present - disabling.
[2017.10.03-13.27.37:667][  0]LogMeshReduction: Using SimplygonSwarm for distributed automatic mesh merging
[2017.10.03-13.27.37:667][  0]LogMeshReduction: Using QuadricMeshReduction for automatic static mesh reduction
[2017.10.03-13.27.37:667][  0]LogMeshReduction: No automatic skeletal mesh reduction module available
[2017.10.03-13.27.37:667][  0]LogMeshReduction: No automatic mesh merging module available
[2017.10.03-13.27.37:667][  0]LogMeshMerging: No automatic mesh merging module available
[2017.10.03-13.27.38:038][  0]LogNetVersion: ElementalSphere , NetCL: 3573198, EngineNetVer: 2, GameNetVer: 0 (Checksum: 3728889089)
[2017.10.03-13.27.39:410][  0]LogMoviePlayer: Initializing movie player
[2017.10.03-13.27.39:471][  0]LogWindowsTextInputMethodSystem: Display: IME system now deactivated.
[2017.10.03-13.27.39:471][  0]LogWindowsTextInputMethodSystem: Display: IME system now deactivated.
[2017.10.03-13.27.39:857][  0]LogCollectionManager: Loaded 0 collections in 0.000851 seconds
[2017.10.03-13.27.39:911][  0]LogFileCache: Scanning file cache for directory 'C:/Users/croch/Documents/Unreal Projects/ElementalSphere/Saved/Collections/' took 0.01s
[2017.10.03-13.27.39:911][  0]LogFileCache: Scanning file cache for directory 'C:/Users/croch/Documents/Unreal Projects/ElementalSphere/Content/Developers/croch/Collections/' took 0.01s
[2017.10.03-13.27.39:911][  0]LogFileCache: Scanning file cache for directory 'C:/Users/croch/Documents/Unreal Projects/ElementalSphere/Content/Collections/' took 0.01s
[2017.10.03-13.27.39:911][  0]LogCollectionManager: Rebuilt the object cache for 0 collections in 0.000000 seconds (found 0 objects)
[2017.10.03-13.27.39:911][  0]LogCollectionManager: Fixed up redirectors for 0 collections in 0.000075 seconds (updated 0 objects)
[2017.10.03-13.27.40:079][  0]LogTcpMessaging: Initializing TcpMessaging bridge
[2017.10.03-13.27.40:118][  0]LogUdpMessaging: Initializing bridge on interface 0.0.0.0:0 to multicast group 230.0.0.1:6666.
[2017.10.03-13.27.40:661][  0]SourceControl: Source control is disabled
[2017.10.03-13.27.40:661][  0]SourceControl: Source control is disabled
[2017.10.03-13.27.40:708][  0]SourceControl: Source control is disabled
[2017.10.03-13.27.41:091][  0]LogAndroidPermission: UAndroidPermissionCallbackProxy::GetInstance
[2017.10.03-13.27.41:389][  0]LogOcInput: OculusInput pre-init called
[2017.10.03-13.27.41:505][  0]LogUObjectArray: 39297 objects as part of root set at end of initial load.
[2017.10.03-13.27.41:505][  0]LogUObjectAllocator: 8785664 out of 0 bytes used by permanent object pool.
[2017.10.03-13.27.41:505][  0]LogUObjectArray: CloseDisregardForGC: 0/0 objects in disregard for GC pool
[2017.10.03-13.27.41:623][  0]LogEngine: Initializing Engine...
[2017.10.03-13.27.41:627][  0]LogHMD: Failed to initialize OpenVR with code 110
[2017.10.03-13.27.41:829][  0]LogStats: UGameplayTagsManager::ConstructGameplayTagTree: Construct from data asset -  0.000 s
[2017.10.03-13.27.41:829][  0]LogStats: UGameplayTagsManager::ConstructGameplayTagTree: GameplayTagTreeChangedEvent.Broadcast -  0.000 s
[2017.10.03-13.27.41:835][  0]LogInit: XAudio2 using 'Speakers (High Definition Audio Device)' : 2 channels at 48 kHz using 16 bits per sample (channel mask 0x3)
[2017.10.03-13.27.41:845][  0]LogInit: FAudioDevice initialized.
[2017.10.03-13.27.41:870][  0]LogInit: Texture streaming: Enabled
[2017.10.03-13.27.41:890][  0]LogMaterial: Uniform references updated for custom material expression Custom.
[2017.10.03-13.27.42:195][  0]LogSlateStyle: Warning: Unable to find Slate Widget Style 'NormalText'. Using FTextBlockStyle defaults instead.
[2017.10.03-13.27.42:195][  0]LogSlateStyle: Warning: Unable to find Slate Widget Style 'SpinBox'. Using FSpinBoxStyle defaults instead.
[2017.10.03-13.27.42:443][  0]LogProperty: Error: UStructProperty::Serialize Loading: Property 'StructProperty /Game/Blueprints/AllLevels/PlayerSaveGame.PlayerSaveGame_C:S_PlayerInfo'. Unknown structure.
[2017.10.03-13.27.42:443][  0]LogClass: Warning: Property S_PlayerInfo of S_PlayerInfo has a struct type mismatch (tag STRUCT_REINST_PlayerInfo_0 != prop FallbackStruct) in package:  ../../../../../../Users/croch/Documents/Unreal Projects/ElementalSphere/Content/Blueprints/AllLevels/PlayerSaveGame.uasset. If that struct got renamed, add an entry to ActiveStructRedirects.
[2017.10.03-13.27.42:556][  0]LogClass: Warning: Property S_PlayerInfo of S_PlayerInfo has a struct type mismatch (tag FallbackStruct != prop PlayerInfo) in package:  FObjectReader. If that struct got renamed, add an entry to ActiveStructRedirects.
[2017.10.03-13.27.42:608][  0]LogInit: Display: Game Engine Initialized.
[2017.10.03-13.27.42:608][  0]LogGameplayTags: Display: UGameplayTagsManager::DoneAddingNativeTags. DelegateIsBound: 0
[2017.10.03-13.27.42:767][  0]LogInit: Display: Starting Game.
[2017.10.03-13.27.42:767][  0]LogNet: Browse: /Temp/Autosaves/Game/Maps/UEDPCMainMenu?Name=Player
[2017.10.03-13.27.42:767][  0]LogLoad: LoadMap: /Temp/Autosaves/Game/Maps/UEDPCMainMenu?Name=Player
[2017.10.03-13.27.42:795][  0]LogMemory: Platform Memory Stats for Windows
[2017.10.03-13.27.42:795][  0]LogMemory: Process Physical Memory: 887.71 MB used, 972.74 MB peak
[2017.10.03-13.27.42:795][  0]LogMemory: Process Virtual Memory: 980.46 MB used, 1022.80 MB peak
[2017.10.03-13.27.42:795][  0]LogMemory: Physical Memory: 10338.76 MB used,  5968.27 MB free, 16307.03 MB total
[2017.10.03-13.27.42:795][  0]LogMemory: Virtual Memory: 1787.39 MB used,  5968.27 MB free, 134217728.00 MB total
[2017.10.03-13.27.42:795][  0]LogMemory: 
[2017.10.03-13.27.42:795][  0]Allocator Stats for TBB: (not implemented)
[2017.10.03-13.27.42:937][  0]LogAIModule: Creating AISystem for world MainMenu
[2017.10.03-13.27.42:938][  0]LogLinker: Warning: Can't find file '/Game/RollingBP/Blueprints/RollingGameMode'
[2017.10.03-13.27.42:938][  0]LogUObjectGlobals: Warning: Failed to load '/Game/RollingBP/Blueprints/RollingGameMode': Can't find file '/Game/RollingBP/Blueprints/RollingGameMode'
[2017.10.03-13.27.42:938][  0]LogLinker: Warning: Can't find file '/Game/RollingBP/Blueprints/RollingGameMode'
[2017.10.03-13.27.42:938][  0]LogUObjectGlobals: Warning: Failed to load '/Game/RollingBP/Blueprints/RollingGameMode': Can't find file '/Game/RollingBP/Blueprints/RollingGameMode'
[2017.10.03-13.27.42:938][  0]LogUObjectGlobals: Warning: Failed to find object 'Class /Game/RollingBP/Blueprints/RollingGameMode.RollingGameMode_C'
[2017.10.03-13.27.42:938][  0]LogLoad: Game class is 'GameModeBase'
[2017.10.03-13.27.42:939][  0]LogWorld: Bringing World /Temp/Autosaves/Game/Maps/UEDPCMainMenu.MainMenu up for play (max tick rate 0) at 2017.10.03-09.27.42
[2017.10.03-13.27.42:939][  0]LogWorld: Bringing up level for play took: 0.000478
[2017.10.03-13.27.42:941][  0]LogBlueprintUserMessages: [GameInfoInstance_C_0] true
[2017.10.03-13.27.42:943][  0]LogLoad: Took 0.175799 seconds to LoadMap(/Temp/Autosaves/Game/Maps/UEDPCMainMenu)
[2017.10.03-13.27.43:164][  0]LogRenderer: Reallocating scene render targets to support 1280x720 Format 10 NumSamples 1 (Frame:1).
[2017.10.03-13.27.43:164][  0]LogLoad: (Engine Initialization) Total time: 11.84 seconds
[2017.10.03-13.27.43:164][  0]LogLoad: (Engine Initialization) Total Blueprint compile time: 0.00 seconds
[2017.10.03-13.27.43:165][  0]LogExternalProfiler: No external profilers were discovered.  External profiling features will not be available.
[2017.10.03-13.28.00:866][ 96]LogSlate: Took 0.000444 seconds to synchronously load lazily loaded font '../../../Engine/Content/Slate/Fonts/Roboto-Regular.ttf' (155K)
[2017.10.03-13.28.05:685][395]LogNetVersion: ElementalSphere 1.0.0.0, NetCL: 3573198, EngineNetVer: 2, GameNetVer: 0 (Checksum: 2635943733)
[2017.10.03-13.28.05:693][395]LogInit: WinSock: I am DESKTOP-SIJTC7B (192.168.1.102:0)
[2017.10.03-13.28.05:753][395]LogPackageName: SearchForPackageOnDisk took   0.056s to resolve Lobby.umap.
[2017.10.03-13.28.05:805][395]LogPackageName: SearchForPackageOnDisk took   0.051s to resolve Lobby.umap.
[2017.10.03-13.28.05:805][395]LogNet: Browse: /Game/Maps/Lobby?listen
[2017.10.03-13.28.05:805][395]LogLoad: LoadMap: /Game/Maps/Lobby?listen
[2017.10.03-13.28.05:825][395]LogMemory: Platform Memory Stats for Windows
[2017.10.03-13.28.05:825][395]LogMemory: Process Physical Memory: 856.27 MB used, 972.74 MB peak
[2017.10.03-13.28.05:825][395]LogMemory: Process Virtual Memory: 1090.52 MB used, 1219.53 MB peak
[2017.10.03-13.28.05:825][395]LogMemory: Physical Memory: 10261.82 MB used,  6045.21 MB free, 16307.03 MB total
[2017.10.03-13.28.05:825][395]LogMemory: Virtual Memory: 1981.32 MB used,  6045.21 MB free, 134217728.00 MB total
[2017.10.03-13.28.05:825][395]LogMemory: 
[2017.10.03-13.28.05:825][395]Allocator Stats for TBB: (not implemented)
[2017.10.03-13.28.06:034][395]LogAIModule: Creating AISystem for world Lobby
[2017.10.03-13.28.06:034][395]LogLoad: Game class is 'LobbyGM_C'
[2017.10.03-13.28.06:034][395]LogTemp: Display: ParseSettings for GameNetDriver
[2017.10.03-13.28.06:035][395]LogTemp: Display: ParseSettings for SteamNetDriver_0
[2017.10.03-13.28.06:035][395]LogTemp: Display: ParseSettings for GameNetDriver
[2017.10.03-13.28.06:035][395]LogNet: Display: SteamNetDriver_0 bound to port 7777
[2017.10.03-13.28.06:035][395]PacketHandlerLog: Loaded PacketHandler component: Engine.EngineHandlerComponentFactory (StatelessConnectHandlerComponent)
[2017.10.03-13.28.06:035][395]LogNet: GameNetDriver SteamNetDriver_0 IpNetDriver listening on port 7777
[2017.10.03-13.28.06:037][395]LogWorld: Bringing World /Game/Maps/Lobby.Lobby up for play (max tick rate 0) at 2017.10.03-09.28.06
[2017.10.03-13.28.06:037][395]LogWorld: Bringing up level for play took: 0.001460
[2017.10.03-13.28.06:039][395]LogBlueprintUserMessages: [LobbyGM_C_0] Updated
[2017.10.03-13.28.06:043][395]LogLoad: Took 0.237654 seconds to LoadMap(/Game/Maps/Lobby)
[2017.10.03-13.28.57:391][573]LogWindowsTextInputMethodSystem: Display: IME system now deactivated.
[2017.10.03-13.28.57:391][573]LogWindowsTextInputMethodSystem: Display: IME system now deactivated.
[2017.10.03-13.28.57:394][573]LogScriptCore: Warning: Script Msg: DestroySession - Invalid player state
[2017.10.03-13.28.57:394][573]LogEngine: All Windows Closed
[2017.10.03-13.28.57:394][573]LogWindows: FPlatformMisc::RequestExit(0)
[2017.10.03-13.28.57:399][574]LogNet: World NetDriver shutdown SteamNetDriver_0 [GameNetDriver]
[2017.10.03-13.28.57:399][574]LogNet: DestroyNamedNetDriver SteamNetDriver_0 [GameNetDriver]
[2017.10.03-13.28.57:399][574]LogExit: GameNetDriver SteamNetDriver_0 shut down
[2017.10.03-13.28.57:661][574]LogExit: Preparing to exit.
[2017.10.03-13.28.57:661][574]LogMoviePlayer: Shutting down movie player
[2017.10.03-13.28.58:277][574]LogExit: Game engine shut down
[2017.10.03-13.28.58:360][574]LogExit: Object subsystem successfully closed.
[2017.10.03-13.28.58:380][574]LogD3D11RHI: Shutdown
[2017.10.03-13.28.58:380][574]LogD3D11RHI: CleanupD3DDevice
[2017.10.03-13.28.58:383][574]LogD3D11RHI: ~FD3D11DynamicRHI
[2017.10.03-13.28.58:394][574]LogModuleManager: Shutting down and abandoning module SequenceRecorderSections (310)
[2017.10.03-13.28.58:394][574]LogModuleManager: Shutting down and abandoning module SequenceRecorder (308)
[2017.10.03-13.28.58:394][574]LogModuleManager: Shutting down and abandoning module AutomationController (306)
[2017.10.03-13.28.58:394][574]LogModuleManager: Shutting down and abandoning module AutomationWorker (304)
[2017.10.03-13.28.58:394][574]LogModuleManager: Shutting down and abandoning module AIModule (302)
[2017.10.03-13.28.58:394][574]LogModuleManager: Shutting down and abandoning module GameplayDebugger (301)
[2017.10.03-13.28.58:394][574]LogModuleManager: Shutting down and abandoning module AITestSuite (299)
[2017.10.03-13.28.58:394][574]LogModuleManager: Shutting down and abandoning module WmfMediaFactory (296)
[2017.10.03-13.28.58:394][574]LogModuleManager: Shutting down and abandoning module AvfMediaFactory (294)
[2017.10.03-13.28.58:394][574]LogModuleManager: Shutting down and abandoning module AndroidMediaFactory (292)
[2017.10.03-13.28.58:394][574]LogModuleManager: Shutting down and abandoning module Media (291)
[2017.10.03-13.28.58:394][574]LogModuleManager: Shutting down and abandoning module CharacterAI (288)
[2017.10.03-13.28.58:394][574]LogModuleManager: Shutting down and abandoning module SessionServices (286)
[2017.10.03-13.28.58:394][574]LogModuleManager: Shutting down and abandoning module MovieSceneCapture (284)
[2017.10.03-13.28.58:394][574]LogModuleManager: Shutting down and abandoning module MovieSceneTracks (282)
[2017.10.03-13.28.58:394][574]LogModuleManager: Shutting down and abandoning module MovieScene (280)
[2017.10.03-13.28.58:394][574]LogModuleManager: Shutting down and abandoning module GeometryCache (278)
[2017.10.03-13.28.58:395][574]LogModuleManager: Shutting down and abandoning module GeometryCacheEd (277)
[2017.10.03-13.28.58:395][574]LogModuleManager: Shutting down and abandoning module Niagara (274)
[2017.10.03-13.28.58:395][574]LogModuleManager: Shutting down and abandoning module NiagaraEditor (273)
[2017.10.03-13.28.58:395][574]LogModuleManager: Shutting down and abandoning module StreamingPauseRendering (270)
[2017.10.03-13.28.58:395][574]LogModuleManager: Shutting down and abandoning module PortalServices (268)
[2017.10.03-13.28.58:395][574]LogModuleManager: Shutting down and abandoning module PortalRpc (266)
[2017.10.03-13.28.58:395][574]LogModuleManager: Shutting down and abandoning module MessagingRpc (264)
[2017.10.03-13.28.58:395][574]LogModuleManager: Shutting down and abandoning module ProfilerService (262)
[2017.10.03-13.28.58:438][574]LogModuleManager: Shutting down and abandoning module TaskGraph (260)
[2017.10.03-13.28.58:438][574]LogModuleManager: Shutting down and abandoning module SteamVRController (258)
[2017.10.03-13.28.58:438][574]LogModuleManager: Shutting down and abandoning module ProceduralMeshComponent (256)
[2017.10.03-13.28.58:438][574]LogModuleManager: Shutting down and abandoning module OculusInput (254)
[2017.10.03-13.28.58:438][574]LogModuleManager: Shutting down and abandoning module MobilePatchingUtils (252)
[2017.10.03-13.28.58:438][574]LogModuleManager: Shutting down and abandoning module CustomMeshComponent (250)
[2017.10.03-13.28.58:438][574]LogModuleManager: Shutting down and abandoning module CableComponent (248)
[2017.10.03-13.28.58:438][574]LogModuleManager: Shutting down and abandoning module ArchVisCharacter (246)
[2017.10.03-13.28.58:438][574]LogModuleManager: Shutting down and abandoning module AndroidPermission (244)
[2017.10.03-13.28.58:438][574]LogModuleManager: Shutting down and abandoning module HTML5Networking (240)
[2017.10.03-13.28.58:438][574]LogModuleManager: Shutting down and abandoning module VisualStudioSourceCodeAccess (238)
[2017.10.03-13.28.58:438][574]LogModuleManager: Shutting down and abandoning module DesktopPlatform (237)
[2017.10.03-13.28.58:438][574]LogModuleManager: Shutting down and abandoning module HotReload (235)
[2017.10.03-13.28.58:438][574]LogDirectoryWatcher: A directory notification for 'C:/Users/croch/Documents/Unreal Projects/ElementalSphere/Plugins/AdvancedSessions/Binaries/Win64' was aborted.
[2017.10.03-13.28.58:438][574]LogDirectoryWatcher: A directory notification for 'C:/Users/croch/Documents/Unreal Projects/ElementalSphere/Plugins/AdvancedSteamSessions/Binaries/Win64' was aborted.
[2017.10.03-13.28.58:439][574]LogModuleManager: Shutting down and abandoning module UObjectPlugin (232)
[2017.10.03-13.28.58:439][574]LogModuleManager: Shutting down and abandoning module SubversionSourceControl (230)
[2017.10.03-13.28.58:439][574]LogModuleManager: Shutting down and abandoning module PerforceSourceControl (228)
[2017.10.03-13.28.58:439][574]LogModuleManager: Shutting down and abandoning module SourceControl (227)
[2017.10.03-13.28.58:439][574]LogModuleManager: Shutting down and abandoning module AdvancedSteamSessions (224)
[2017.10.03-13.28.58:439][574]LogModuleManager: Shutting down and abandoning module AdvancedSessions (222)
[2017.10.03-13.28.58:439][574]LogModuleManager: Shutting down and abandoning module RuntimePhysXCooking (220)
[2017.10.03-13.28.58:439][574]LogModuleManager: Shutting down and abandoning module PhysXVehiclesEditor (218)
[2017.10.03-13.28.58:439][574]LogModuleManager: Shutting down and abandoning module PhysXVehicles (216)
[2017.10.03-13.28.58:439][574]LogModuleManager: Shutting down and abandoning module LocationServicesBPLibrary (214)
[2017.10.03-13.28.58:439][574]LogModuleManager: Shutting down and abandoning module ImmediatePhysicsEditor (212)
[2017.10.03-13.28.58:439][574]LogModuleManager: Shutting down and abandoning module ImmediatePhysics (210)
[2017.10.03-13.28.58:439][574]LogModuleManager: Shutting down and abandoning module UdpMessaging (208)
[2017.10.03-13.28.58:540][574]LogModuleManager: Shutting down and abandoning module TcpMessaging (206)
[2017.10.03-13.28.59:119][574]LogModuleManager: Shutting down and abandoning module GameplayTagsEditor (204)
[2017.10.03-13.28.59:119][574]LogModuleManager: Shutting down and abandoning module FacialAnimation (202)
[2017.10.03-13.28.59:119][574]LogModuleManager: Shutting down and abandoning module AssetManagerEditor (200)
[2017.10.03-13.28.59:119][574]LogModuleManager: Shutting down and abandoning module GraphEditor (199)
[2017.10.03-13.28.59:119][574]LogModuleManager: Shutting down and abandoning module ContentBrowser (197)
[2017.10.03-13.28.59:119][574]LogModuleManager: Shutting down and abandoning module CollectionManager (196)
[2017.10.03-13.28.59:119][574]LogDirectoryWatcher: A directory notification for 'C:/Users/croch/Documents/Unreal Projects/ElementalSphere/Content/Collections/' was aborted.
[2017.10.03-13.28.59:119][574]LogDirectoryWatcher: A directory notification for 'C:/Users/croch/Documents/Unreal Projects/ElementalSphere/Content/Developers/croch/Collections/' was aborted.
[2017.10.03-13.28.59:119][574]LogDirectoryWatcher: A directory notification for 'C:/Users/croch/Documents/Unreal Projects/ElementalSphere/Saved/Collections/' was aborted.
[2017.10.03-13.28.59:119][574]LogModuleManager: Shutting down and abandoning module DirectoryWatcher (195)
[2017.10.03-13.28.59:120][574]LogModuleManager: Shutting down and abandoning module LightPropagationVolumeRuntime (190)
[2017.10.03-13.28.59:120][574]LogModuleManager: Shutting down and abandoning module Paper2D (188)
[2017.10.03-13.28.59:120][574]LogModuleManager: Shutting down and abandoning module WindowsMoviePlayer (186)
[2017.10.03-13.28.59:120][574]LogModuleManager: Shutting down and abandoning module WmfMedia (184)
[2017.10.03-13.28.59:121][574]LogModuleManager: Shutting down and abandoning module PacketHandler (182)
[2017.10.03-13.28.59:121][574]LogModuleManager: Shutting down and abandoning module ClothingSystemEditor (180)
[2017.10.03-13.28.59:121][574]LogModuleManager: Shutting down and abandoning module ClothingSystemRuntime (178)
[2017.10.03-13.28.59:121][574]LogModuleManager: Shutting down and abandoning module Overlay (176)
[2017.10.03-13.28.59:121][574]LogModuleManager: Shutting down and abandoning module OverlayEditor (175)
[2017.10.03-13.28.59:121][574]LogModuleManager: Shutting down and abandoning module MediaAssets (172)
[2017.10.03-13.28.59:121][574]LogModuleManager: Shutting down and abandoning module VREditor (170)
[2017.10.03-13.28.59:121][574]LogModuleManager: Shutting down and abandoning module StringTableEditor (168)
[2017.10.03-13.28.59:121][574]LogModuleManager: Shutting down and abandoning module GameplayTasksEditor (166)
[2017.10.03-13.28.59:121][574]LogModuleManager: Shutting down and abandoning module BehaviorTreeEditor (164)
[2017.10.03-13.28.59:121][574]LogModuleManager: Shutting down and abandoning module FunctionalTesting (162)
[2017.10.03-13.28.59:121][574]LogModuleManager: Shutting down and abandoning module CollisionAnalyzer (160)
[2017.10.03-13.28.59:121][574]LogModuleManager: Shutting down and abandoning module WorkspaceMenuStructure (159)
[2017.10.03-13.28.59:121][574]LogModuleManager: Shutting down and abandoning module UMG (156)
[2017.10.03-13.28.59:121][574]LogModuleManager: Shutting down and abandoning module UMGEditor (155)
[2017.10.03-13.28.59:121][574]LogModuleManager: Shutting down and abandoning module Sequencer (154)
[2017.10.03-13.28.59:121][574]LogModuleManager: Shutting down and abandoning module MessageLog (151)
[2017.10.03-13.28.59:121][574]LogModuleManager: Shutting down and abandoning module SlateReflector (146)
[2017.10.03-13.28.59:121][574]LogModuleManager: Shutting down and abandoning module Slate (144)
[2017.10.03-13.28.59:121][574]LogModuleManager: Shutting down and abandoning module EditorStyle (142)
[2017.10.03-13.28.59:123][574]LogModuleManager: Shutting down and abandoning module MRMesh (140)
[2017.10.03-13.28.59:123][574]LogModuleManager: Shutting down and abandoning module Messaging (138)
[2017.10.03-13.28.59:123][574]LogModuleManager: Shutting down and abandoning module SourceCodeAccess (136)
[2017.10.03-13.28.59:123][574]LogModuleManager: Shutting down and abandoning module HeadMountedDisplay (134)
[2017.10.03-13.28.59:123][574]LogModuleManager: Shutting down and abandoning module XAudio2 (132)
[2017.10.03-13.28.59:123][574]LogModuleManager: Shutting down and abandoning module Networking (130)
[2017.10.03-13.28.59:123][574]LogModuleManager: Shutting down and abandoning module Core (128)
[2017.10.03-13.28.59:123][574]LogModuleManager: Shutting down and abandoning module KismetCompiler (126)
[2017.10.03-13.28.59:123][574]LogModuleManager: Shutting down and abandoning module LevelSequence (124)
[2017.10.03-13.28.59:123][574]LogModuleManager: Shutting down and abandoning module MeshUtilities (122)
[2017.10.03-13.28.59:123][574]LogModuleManager: Shutting down and abandoning module MeshMergeUtilities (121)
[2017.10.03-13.28.59:123][574]LogModuleManager: Shutting down and abandoning module MeshReductionInterface (120)
[2017.10.03-13.28.59:123][574]LogModuleManager: Shutting down and abandoning module SimplygonSwarm (119)
[2017.10.03-13.28.59:123][574]LogModuleManager: Shutting down and abandoning module SimplygonMeshReduction (117)
[2017.10.03-13.28.59:123][574]LogModuleManager: Shutting down and abandoning module QuadricMeshReduction (115)
[2017.10.03-13.28.59:123][574]LogModuleManager: Shutting down and abandoning module MaterialBaking (111)
[2017.10.03-13.28.59:123][574]LogModuleManager: Shutting down and abandoning module DerivedDataCache (106)
[2017.10.03-13.28.59:397][574]LogDerivedDataCache: Shutdown
[2017.10.03-13.28.59:397][574]LogModuleManager: Shutting down and abandoning module TargetPlatform (104)
[2017.10.03-13.28.59:397][574]LogModuleManager: Shutting down and abandoning module VulkanShaderFormat (103)
[2017.10.03-13.28.59:397][574]LogModuleManager: Shutting down and abandoning module ShaderFormatVectorVM (101)
[2017.10.03-13.28.59:397][574]LogModuleManager: Shutting down and abandoning module ShaderFormatOpenGL (99)
[2017.10.03-13.28.59:397][574]LogModuleManager: Shutting down and abandoning module ShaderFormatD3D (97)
[2017.10.03-13.28.59:397][574]LogModuleManager: Shutting down and abandoning module MetalShaderFormat (95)
[2017.10.03-13.28.59:397][574]LogModuleManager: Shutting down and abandoning module TextureFormatUncompressed (93)
[2017.10.03-13.28.59:397][574]LogModuleManager: Shutting down and abandoning module TextureFormatPVR (91)
[2017.10.03-13.28.59:397][574]LogModuleManager: Shutting down and abandoning module TextureFormatDXT (89)
[2017.10.03-13.28.59:397][574]LogModuleManager: Shutting down and abandoning module TextureFormatIntelISPCTexComp (87)
[2017.10.03-13.28.59:397][574]LogModuleManager: Shutting down and abandoning module TextureFormatASTC (85)
[2017.10.03-13.28.59:397][574]LogModuleManager: Shutting down and abandoning module ImageWrapper (84)
[2017.10.03-13.28.59:397][574]LogModuleManager: Shutting down and abandoning module TextureFormatAndroid (81)
[2017.10.03-13.28.59:397][574]LogModuleManager: Shutting down and abandoning module AudioFormatOpus (79)
[2017.10.03-13.28.59:397][574]LogModuleManager: Shutting down and abandoning module AudioFormatOgg (77)
[2017.10.03-13.28.59:397][574]LogModuleManager: Shutting down and abandoning module AudioFormatADPCM (75)
[2017.10.03-13.28.59:397][574]LogModuleManager: Shutting down and abandoning module WindowsTargetPlatform (73)
[2017.10.03-13.28.59:397][574]LogModuleManager: Shutting down and abandoning module WindowsServerTargetPlatform (71)
[2017.10.03-13.28.59:397][574]LogModuleManager: Shutting down and abandoning module WindowsNoEditorTargetPlatform (69)
[2017.10.03-13.28.59:397][574]LogModuleManager: Shutting down and abandoning module WindowsClientTargetPlatform (67)
[2017.10.03-13.28.59:397][574]LogModuleManager: Shutting down and abandoning module InputCore (64)
[2017.10.03-13.28.59:397][574]LogModuleManager: Shutting down and abandoning module Settings (62)
[2017.10.03-13.28.59:397][574]LogModuleManager: Shutting down and abandoning module PhysXCooking (60)
[2017.10.03-13.28.59:397][574]LogModuleManager: Shutting down and abandoning module SteamVR (58)
[2017.10.03-13.28.59:397][574]LogModuleManager: Shutting down and abandoning module OculusHMD (56)
[2017.10.03-13.28.59:397][574]LogModuleManager: Shutting down and abandoning module ExampleDeviceProfileSelector (54)
[2017.10.03-13.28.59:397][574]LogModuleManager: Shutting down and abandoning module OnlineBlueprintSupport (52)
[2017.10.03-13.28.59:397][574]LogModuleManager: Shutting down and abandoning module OnlineSubsystem (48)
[2017.10.03-13.28.59:397][574]LogOnline: Display: STEAM: OnlineSubsystemSteam::Shutdown()
[2017.10.03-13.28.59:397][574]LogOnline: Display: OSS: FOnlineAsyncTaskManager::Stop() ActiveTask:0000000000000000 Tasks[0/0]
[2017.10.03-13.28.59:445][574]LogOnline: Display: OSS: FOnlineAsyncTaskManager::Exit() started
[2017.10.03-13.28.59:445][574]LogOnline: Display: OSS: FOnlineAsyncTaskManager::Exit() finished
[2017.10.03-13.28.59:445][574]LogOnline: Display: Unloading online subsystem: STEAM
[2017.10.03-13.28.59:445][574]LogOnline: Display: STEAM: OnlineSubsystemSteam::Shutdown()
[2017.10.03-13.28.59:446][574]LogOnline: Display: Unloading online subsystem: NULL
[2017.10.03-13.28.59:446][574]LogModuleManager: Shutting down and abandoning module XMPP (43)
[2017.10.03-13.28.59:446][574]LogModuleManager: Shutting down and abandoning module HTTP (41)
[2017.10.03-13.28.59:472][574]LogModuleManager: Shutting down and abandoning module SSL (40)
[2017.10.03-13.28.59:473][574]LogModuleManager: Shutting down and abandoning module AnimationModifiers (36)
[2017.10.03-13.28.59:473][574]LogModuleManager: Shutting down and abandoning module PropertyEditor (35)
[2017.10.03-13.28.59:473][574]LogModuleManager: Shutting down and abandoning module AudioEditor (32)
[2017.10.03-13.28.59:473][574]LogModuleManager: Shutting down and abandoning module TextureCompressor (30)
[2017.10.03-13.28.59:473][574]LogModuleManager: Shutting down and abandoning module ShaderCore (28)
[2017.10.03-13.28.59:473][574]LogModuleManager: Shutting down and abandoning module Landscape (26)
[2017.10.03-13.28.59:473][574]LogModuleManager: Shutting down and abandoning module SlateRHIRenderer (24)
[2017.10.03-13.28.59:473][574]LogModuleManager: Shutting down and abandoning module OpenGLDrv (22)
[2017.10.03-13.28.59:473][574]LogModuleManager: Shutting down and abandoning module D3D11RHI (20)
[2017.10.03-13.28.59:473][574]LogModuleManager: Shutting down and abandoning module AnimGraphRuntime (18)
[2017.10.03-13.28.59:473][574]LogModuleManager: Shutting down and abandoning module Renderer (16)
[2017.10.03-13.28.59:473][574]LogModuleManager: Shutting down and abandoning module Engine (14)
[2017.10.03-13.28.59:473][574]LogModuleManager: Shutting down and abandoning module CoreUObject (12)
[2017.10.03-13.28.59:473][574]LogModuleManager: Shutting down and abandoning module NetworkFile (10)
[2017.10.03-13.28.59:473][574]LogModuleManager: Shutting down and abandoning module CookedIterativeFile (8)
[2017.10.03-13.28.59:473][574]LogModuleManager: Shutting down and abandoning module StreamingFile (6)
[2017.10.03-13.28.59:473][574]LogModuleManager: Shutting down and abandoning module SandboxFile (4)
[2017.10.03-13.28.59:473][574]LogModuleManager: Shutting down and abandoning module PakFile (2)
[2017.10.03-13.28.59:475][574]LogExit: Exiting.
[2017.10.03-13.28.59:477][574]Log file closed, 10/03/17 09:28:59
