Log file open, 09/30/17 13:37:53
LogWindows: LoadLibraryWithSearchPaths failed for file aqProf.dll. GetLastError=0
LogWindows: LoadLibraryWithSearchPaths failed for file VSPerf140.dll. GetLastError=0
LogWindows: LoadLibraryWithSearchPaths failed for file VtuneApi.dll. GetLastError=0
LogWindows: LoadLibraryWithSearchPaths failed for file VtuneApi32e.dll. GetLastError=0
LogInit: Display: Running engine for game: ElementalSphere
LogPlatformFile: Not using cached read wrapper
LogInit: Display: RandInit(-715822455) SRandInit(-715822455).
LogTaskGraph: Started task graph with 5 named threads and 14 total threads with 3 sets of task threads.
LogStats: Stats thread started at 0.172798
LogD3D11RHI: Aftermath initialized
LogPluginManager: Mounting plugin Paper2D
LogPluginManager: Mounting plugin LightPropagationVolume
LogPluginManager: Mounting plugin CodeLiteSourceCodeAccess
LogPluginManager: Mounting plugin GitSourceControl
LogPluginManager: Mounting plugin KDevelopSourceCodeAccess
LogPluginManager: Mounting plugin NullSourceCodeAccess
LogPluginManager: Mounting plugin PerforceSourceControl
LogPluginManager: Mounting plugin SubversionSourceControl
LogPluginManager: Mounting plugin UObjectPlugin
LogPluginManager: Mounting plugin VisualStudioSourceCodeAccess
LogPluginManager: Mounting plugin XCodeSourceCodeAccess
LogPluginManager: Mounting plugin AssetManagerEditor
LogPluginManager: Mounting plugin AudioCapture
LogPluginManager: Mounting plugin FacialAnimation
LogPluginManager: Mounting plugin GameplayTagsEditor
LogPluginManager: Mounting plugin MobileLauncherProfileWizard
LogPluginManager: Mounting plugin PluginBrowser
LogPluginManager: Mounting plugin SpeedTreeImporter
LogPluginManager: Mounting plugin AlembicImporter
LogPluginManager: Mounting plugin CharacterAI
LogPluginManager: Mounting plugin HTML5Networking
LogPluginManager: Mounting plugin AndroidMedia
LogPluginManager: Mounting plugin AvfMedia
LogPluginManager: Mounting plugin MediaPlayerEditor
LogPluginManager: Mounting plugin WmfMedia
LogPluginManager: Mounting plugin TcpMessaging
LogPluginManager: Mounting plugin UdpMessaging
LogPluginManager: Mounting plugin LevelSequenceEditor
LogPluginManager: Mounting plugin MatineeToLevelSequence
LogPluginManager: Mounting plugin OnlineSubsystemGooglePlay
LogPluginManager: Mounting plugin OnlineSubsystemIOS
LogPluginManager: Mounting plugin OnlineSubsystem
LogPluginManager: Mounting plugin OnlineSubsystemNull
LogPluginManager: Mounting plugin OnlineSubsystemSteam
LogPluginManager: Mounting plugin OnlineSubsystemUtils
LogPluginManager: Mounting plugin AndroidDeviceProfileSelector
LogPluginManager: Mounting plugin AndroidMoviePlayer
LogPluginManager: Mounting plugin AndroidPermission
LogPluginManager: Mounting plugin AppleMoviePlayer
LogPluginManager: Mounting plugin ArchVisCharacter
LogPluginManager: Mounting plugin CableComponent
LogPluginManager: Mounting plugin CustomMeshComponent
LogPluginManager: Mounting plugin ExampleDeviceProfileSelector
LogPluginManager: Mounting plugin GoogleCloudMessaging
LogPluginManager: Mounting plugin ImmediatePhysics
LogPluginManager: Mounting plugin IOSDeviceProfileSelector
LogPluginManager: Mounting plugin LinuxDeviceProfileSelector
LogPluginManager: Mounting plugin LocationServicesBPLibrary
LogPluginManager: Mounting plugin MobilePatchingUtils
LogPluginManager: Mounting plugin OculusVR
LogPluginManager: Mounting plugin PhysXVehicles
LogPluginManager: Mounting plugin ProceduralMeshComponent
LogPluginManager: Mounting plugin RuntimePhysXCooking
LogPluginManager: Mounting plugin SteamVR
LogPluginManager: Mounting plugin WindowsMoviePlayer
LogInit: Using libcurl 7.47.1
LogInit:  - built for x86_64-pc-win32
LogInit:  - supports SSL with OpenSSL/1.0.2g
LogInit:  - supports HTTP deflate (compression) using libz 1.2.8
LogInit:  - other features:
LogInit:      CURL_VERSION_SSL
LogInit:      CURL_VERSION_LIBZ
LogInit:      CURL_VERSION_IPV6
LogInit:      CURL_VERSION_ASYNCHDNS
LogInit:      CURL_VERSION_LARGEFILE
LogInit:      CURL_VERSION_IDN
LogInit:  CurlRequestOptions (configurable via config and command line):
LogInit:  - bVerifyPeer = false  - Libcurl will NOT verify peer certificate
LogInit:  - bUseHttpProxy = false  - Libcurl will NOT use HTTP proxy
LogInit:  - bDontReuseConnections = false  - Libcurl will reuse connections
LogInit:  - CertBundlePath = nullptr  - Libcurl will use whatever was configured at build time.
LogOnline: Display: STEAM: Loading Steam SDK 1.39
LogInit: WinSock: version 1.1 (2.2), MaxSocks=32767, MaxUdp=65467
LogInit: Build: ++UE4+Release-4.17-CL-3586342
LogInit: Engine Version: 4.17.1-3586342+++UE4+Release-4.17
LogInit: Compatible Engine Version: 4.17.0-3573198+++UE4+Release-4.17
LogInit: Net CL: 3573198
LogDevObjectVersion: Number of dev versions registered: 16
LogDevObjectVersion:   Dev-Blueprints (B0D832E4-1F89-4F0D-ACCF-7EB736FD4AA2): 10
LogDevObjectVersion:   Dev-Build (E1C64328-A22C-4D53-A36C-8E866417BD8C): 0
LogDevObjectVersion:   Dev-Core (375EC13C-06E4-48FB-B500-84F0262A717E): 2
LogDevObjectVersion:   Dev-Editor (E4B068ED-F494-42E9-A231-DA0B2E46BB41): 20
LogDevObjectVersion:   Dev-Framework (CFFC743F-43B0-4480-9391-14DF171D2073): 28
LogDevObjectVersion:   Dev-Mobile (B02B49B5-BB20-44E9-A304-32B752E40360): 0
LogDevObjectVersion:   Dev-Networking (A4E4105C-59A1-49B5-A7C5-40C4547EDFEE): 0
LogDevObjectVersion:   Dev-Online (39C831C9-5AE6-47DC-9A44-9C173E1C8E7C): 0
LogDevObjectVersion:   Dev-Physics (78F01B33-EBEA-4F98-B9B4-84EACCB95AA2): 0
LogDevObjectVersion:   Dev-Platform (6631380F-2D4D-43E0-8009-CF276956A95A): 0
LogDevObjectVersion:   Dev-Rendering (12F88B9F-8875-4AFC-A67C-D90C383ABD29): 19
LogDevObjectVersion:   Dev-Sequencer (7B5AE74C-D270-4C10-A958-57980B212A5A): 4
LogDevObjectVersion:   Dev-VR (D7296918-1DD6-4BDD-9DE2-64A83CC13884): 0
LogDevObjectVersion:   Dev-LoadTimes (C2A15278-BFE7-4AFE-6C17-90FF531DF755): 1
LogDevObjectVersion:   Private-Geometry (6EACA3D4-40EC-4CC1-B786-8BED09428FC5): 1
LogDevObjectVersion:   Dev-AnimPhys (29E575DD-E0A3-4627-9D10-D276232CDCEA): 7
LogInit: Compiled (64-bit): Aug 15 2017 02:05:26
LogInit: Compiled with Visual C++: 19.00.24215.01
LogInit: Build Configuration: Development
LogInit: Branch Name: ++UE4+Release-4.17
LogInit: Command line:  /Temp/Autosaves/Game/Maps/UEDPCMainMenu -game -PIEVIACONSOLE -ResX=1280 -ResY=720  -Multiprocess -messaging -SessionName="Play in Standalone Game" -windowed 
LogInit: Base directory: C:/Program Files/Epic Games/UE_4.17/Engine/Binaries/Win64/
LogInit: Installed Engine Build: 1
LogInit: Presizing for max 8388607 objects, including 0 objects not considered by GC, pre-allocating 0 bytes for permanent pool.
LogInit: Object subsystem initialized
[2017.09.30-17.37.54:924][  0]LogInit: Selected Device Profile: [Windows]
[2017.09.30-17.37.54:924][  0]LogInit: Applying CVar settings loaded from the selected device profile: [Windows]
[2017.09.30-17.37.54:927][  0]LogInit: Computer: DESKTOP-SIJTC7B
[2017.09.30-17.37.54:927][  0]LogInit: User: croch
[2017.09.30-17.37.54:927][  0]LogInit: CPU Page size=4096, Cores=4
[2017.09.30-17.37.54:927][  0]LogInit: High frequency timer resolution =2.533209 MHz
[2017.09.30-17.37.54:928][  0]LogMemory: Memory total: Physical=15.9GB (16GB approx)
[2017.09.30-17.37.54:928][  0]LogMemory: Platform Memory Stats for Windows
[2017.09.30-17.37.54:928][  0]LogMemory: Process Physical Memory: 311.26 MB used, 311.26 MB peak
[2017.09.30-17.37.54:928][  0]LogMemory: Process Virtual Memory: 296.33 MB used, 296.33 MB peak
[2017.09.30-17.37.54:928][  0]LogMemory: Physical Memory: 8438.14 MB used,  7868.89 MB free, 16307.03 MB total
[2017.09.30-17.37.54:928][  0]LogMemory: Virtual Memory: 834.25 MB used,  7868.89 MB free, 134217728.00 MB total
[2017.09.30-17.37.55:135][  0]LogInit: Using OS detected language (en-US).
[2017.09.30-17.37.55:135][  0]LogInit: Using OS detected locale (en-US).
[2017.09.30-17.37.55:138][  0]LogTextLocalizationManager: No specific localization for 'en-US' exists, so the 'en' localization will be used.
[2017.09.30-17.37.55:686][  0]LogD3D11RHI: D3D11 adapters:
[2017.09.30-17.37.56:305][  0]LogD3D11RHI:    0. 'NVIDIA GeForce GTX 970M' (Feature Level 11_0)
[2017.09.30-17.37.56:305][  0]LogD3D11RHI:       3040/0/8153 MB DedicatedVideo/DedicatedSystem/SharedSystem, Outputs:1, VendorId:0x10de
[2017.09.30-17.37.56:312][  0]LogD3D11RHI:    1. 'Intel(R) HD Graphics 4600' (Feature Level 11_0)
[2017.09.30-17.37.56:312][  0]LogD3D11RHI:       112/0/2048 MB DedicatedVideo/DedicatedSystem/SharedSystem, Outputs:0, VendorId:0x8086
[2017.09.30-17.37.56:315][  0]LogD3D11RHI:    2. 'Microsoft Basic Render Driver' (Feature Level 11_0)
[2017.09.30-17.37.56:315][  0]LogD3D11RHI:       0/0/8153 MB DedicatedVideo/DedicatedSystem/SharedSystem, Outputs:0, VendorId:0x1414
[2017.09.30-17.37.56:315][  0]LogD3D11RHI: Chosen D3D11 Adapter: 0
[2017.09.30-17.37.56:324][  0]LogD3D11RHI: Creating new Direct3DDevice
[2017.09.30-17.37.56:324][  0]LogD3D11RHI:     GPU DeviceId: 0x13d8 (for the marketing name, search the web for "GPU Device Id")
[2017.09.30-17.37.56:324][  0]LogWindows: EnumDisplayDevices:
[2017.09.30-17.37.56:324][  0]LogWindows:    0. 'Intel(R) HD Graphics 4600' (P:1 D:1)
[2017.09.30-17.37.56:325][  0]LogWindows:    1. 'Intel(R) HD Graphics 4600' (P:0 D:0)
[2017.09.30-17.37.56:325][  0]LogWindows:    2. 'Intel(R) HD Graphics 4600' (P:0 D:0)
[2017.09.30-17.37.56:325][  0]LogWindows: DebugString: GetVideoDriverDetailsInvalid PrimaryIsNotTheChoosenAdapter GetVideoDriverDetailsInvalid PrimaryIsNotTheChoosenAdapter GetVideoDriverDetailsInvalid PrimaryIsNotTheChoosenAdapter FoundDriverCount:0 
[2017.09.30-17.37.56:325][  0]LogD3D11RHI:     Adapter Name: NVIDIA GeForce GTX 970M
[2017.09.30-17.37.56:325][  0]LogD3D11RHI:   Driver Version: Unknown (internal:Unknown, unified:Unknown)
[2017.09.30-17.37.56:325][  0]LogD3D11RHI:      Driver Date: Unknown
[2017.09.30-17.37.56:325][  0]LogRHI: Texture pool is 1361 MB (70% of 1945 MB)
[2017.09.30-17.37.56:902][  0]LogD3D11RHI: Async texture creation enabled
[2017.09.30-17.37.56:939][  0]LogD3D11RHI: GPU Timing Frequency: 1000.000000 (Debug: 2 1)
[2017.09.30-17.37.56:939][  0]LogShaderCompilers: Guid format shader working directory is -26 characters bigger than the processId version (../../../../../../Users/croch/Documents/Unreal Projects/ElementalSphere/Intermediate/Shaders/WorkingDirectory/18180/).
[2017.09.30-17.37.56:940][  0]LogShaderCompilers: Cleaned the shader compiler working directory 'C:/Users/croch/AppData/Local/Temp/UnrealShaderWorkingDir/9AECB26B465CA1A6735A6EB460F51A58/'.
[2017.09.30-17.37.56:940][  0]LogShaderCompilers: Display: Using Local Shader Compiler.
[2017.09.30-17.37.57:889][  0]LogTemp: Display: Loaded TP WindowsClientTargetPlatform
[2017.09.30-17.37.57:943][  0]LogTemp: Display: Loaded TP WindowsNoEditorTargetPlatform
[2017.09.30-17.37.57:996][  0]LogTemp: Display: Loaded TP WindowsServerTargetPlatform
[2017.09.30-17.37.58:049][  0]LogTemp: Display: Loaded TP WindowsTargetPlatform
[2017.09.30-17.37.58:049][  0]LogTargetPlatformManager: Display: Building Assets For Windows
[2017.09.30-17.37.58:556][  0]LogDerivedDataCache: Display: Max Cache Size: 512 MB
[2017.09.30-17.37.58:638][  0]LogDerivedDataCache: Loaded boot cache 0.08s 93MB C:/Users/croch/AppData/Local/UnrealEngine/4.17/DerivedDataCache/Boot.ddc.
[2017.09.30-17.37.58:638][  0]LogDerivedDataCache: Display: Loaded Boot cache: C:/Users/croch/AppData/Local/UnrealEngine/4.17/DerivedDataCache/Boot.ddc
[2017.09.30-17.37.58:638][  0]LogDerivedDataCache: FDerivedDataBackendGraph:  Pak pak cache file ../../../../../../Users/croch/Documents/Unreal Projects/ElementalSphere/DerivedDataCache/DDC.ddp not found, will not use a pak cache.
[2017.09.30-17.37.58:638][  0]LogDerivedDataCache: Unable to find inner node Pak for hierarchical cache Hierarchy.
[2017.09.30-17.37.58:638][  0]LogDerivedDataCache: FDerivedDataBackendGraph:  CompressedPak pak cache file ../../../../../../Users/croch/Documents/Unreal Projects/ElementalSphere/DerivedDataCache/Compressed.ddp not found, will not use a pak cache.
[2017.09.30-17.37.58:638][  0]LogDerivedDataCache: Unable to find inner node CompressedPak for hierarchical cache Hierarchy.
[2017.09.30-17.37.58:654][  0]LogDerivedDataCache: Display: Pak cache opened for reading ../../../Engine/DerivedDataCache/Compressed.ddp.
[2017.09.30-17.37.58:666][  0]LogDerivedDataCache: Using Local data cache path C:/Users/croch/AppData/Local/UnrealEngine/Common/DerivedDataCache: Writable
[2017.09.30-17.37.58:675][  0]LogMaterial: Verifying Global Shaders for PCD3D_SM5
[2017.09.30-17.37.58:676][  0]LogSlate: Using Freetype 2.6.0
[2017.09.30-17.37.58:676][  0]LogSlate: SlateFontCache - WITH_FREETYPE: 1, WITH_HARFBUZZ: 1
[2017.09.30-17.37.58:676][  0]LogSlate: SlateFontCache - WITH_FREETYPE: 1, WITH_HARFBUZZ: 1
[2017.09.30-17.37.59:023][  0]LogAssetRegistry: FAssetRegistry took 0.0041 seconds to start up
[2017.09.30-17.37.59:057][  0]LogPackageLocalizationCache: Processed 5 localized package path(s) for 2 prioritized culture(s) in 0.009252 seconds
[2017.09.30-17.37.59:141][  0]LogInit: Selected Device Profile: [Windows]
[2017.09.30-17.37.59:461][  0]LogSimplygon: Simplygon DLL not present - disabling.
[2017.09.30-17.37.59:503][  0]LogMeshReduction: Using SimplygonSwarm for distributed automatic mesh merging
[2017.09.30-17.37.59:503][  0]LogMeshReduction: Using QuadricMeshReduction for automatic static mesh reduction
[2017.09.30-17.37.59:503][  0]LogMeshReduction: No automatic skeletal mesh reduction module available
[2017.09.30-17.37.59:503][  0]LogMeshReduction: No automatic mesh merging module available
[2017.09.30-17.37.59:503][  0]LogMeshMerging: No automatic mesh merging module available
[2017.09.30-17.37.59:514][  0]LogContentStreaming: Texture pool size is 1000.00 MB
[2017.09.30-17.37.59:870][  0]LogNetVersion: ElementalSphere , NetCL: 3573198, EngineNetVer: 2, GameNetVer: 0 (Checksum: 3728889089)
[2017.09.30-17.38.01:238][  0]LogMoviePlayer: Initializing movie player
[2017.09.30-17.38.01:298][  0]LogWindowsTextInputMethodSystem: Display: IME system now deactivated.
[2017.09.30-17.38.01:298][  0]LogWindowsTextInputMethodSystem: Display: IME system now deactivated.
[2017.09.30-17.38.01:628][  0]LogCollectionManager: Loaded 0 collections in 0.000844 seconds
[2017.09.30-17.38.01:684][  0]LogFileCache: Scanning file cache for directory 'C:/Users/croch/Documents/Unreal Projects/ElementalSphere/Saved/Collections/' took 0.01s
[2017.09.30-17.38.01:684][  0]LogFileCache: Scanning file cache for directory 'C:/Users/croch/Documents/Unreal Projects/ElementalSphere/Content/Developers/croch/Collections/' took 0.01s
[2017.09.30-17.38.01:684][  0]LogFileCache: Scanning file cache for directory 'C:/Users/croch/Documents/Unreal Projects/ElementalSphere/Content/Collections/' took 0.01s
[2017.09.30-17.38.01:684][  0]LogCollectionManager: Rebuilt the object cache for 0 collections in 0.000000 seconds (found 0 objects)
[2017.09.30-17.38.01:684][  0]LogCollectionManager: Fixed up redirectors for 0 collections in 0.000079 seconds (updated 0 objects)
[2017.09.30-17.38.01:867][  0]LogTcpMessaging: Initializing TcpMessaging bridge
[2017.09.30-17.38.01:912][  0]LogUdpMessaging: Initializing bridge on interface 0.0.0.0:0 to multicast group 230.0.0.1:6666.
[2017.09.30-17.38.02:367][  0]SourceControl: Source control is disabled
[2017.09.30-17.38.02:367][  0]SourceControl: Source control is disabled
[2017.09.30-17.38.02:415][  0]SourceControl: Source control is disabled
[2017.09.30-17.38.02:677][  0]LogAndroidPermission: UAndroidPermissionCallbackProxy::GetInstance
[2017.09.30-17.38.02:914][  0]LogOcInput: OculusInput pre-init called
[2017.09.30-17.38.03:018][  0]LogUObjectArray: 38668 objects as part of root set at end of initial load.
[2017.09.30-17.38.03:018][  0]LogUObjectAllocator: 8675088 out of 0 bytes used by permanent object pool.
[2017.09.30-17.38.03:018][  0]LogUObjectArray: CloseDisregardForGC: 0/0 objects in disregard for GC pool
[2017.09.30-17.38.03:129][  0]LogEngine: Initializing Engine...
[2017.09.30-17.38.03:131][  0]LogHMD: Failed to initialize OpenVR with code 110
[2017.09.30-17.38.03:296][  0]LogStats: UGameplayTagsManager::ConstructGameplayTagTree: Construct from data asset -  0.000 s
[2017.09.30-17.38.03:296][  0]LogStats: UGameplayTagsManager::ConstructGameplayTagTree: GameplayTagTreeChangedEvent.Broadcast -  0.000 s
[2017.09.30-17.38.03:306][  0]LogInit: XAudio2 using 'Speakers (High Definition Audio Device)' : 2 channels at 48 kHz using 16 bits per sample (channel mask 0x3)
[2017.09.30-17.38.03:317][  0]LogInit: FAudioDevice initialized.
[2017.09.30-17.38.03:339][  0]LogInit: Texture streaming: Enabled
[2017.09.30-17.38.03:357][  0]LogMaterial: Uniform references updated for custom material expression Custom.
[2017.09.30-17.38.03:620][  0]LogSlateStyle: Warning: Unable to find Slate Widget Style 'NormalText'. Using FTextBlockStyle defaults instead.
[2017.09.30-17.38.03:620][  0]LogSlateStyle: Warning: Unable to find Slate Widget Style 'SpinBox'. Using FSpinBoxStyle defaults instead.
[2017.09.30-17.38.03:915][  0]LogInit: Display: Game Engine Initialized.
[2017.09.30-17.38.03:915][  0]LogGameplayTags: Display: UGameplayTagsManager::DoneAddingNativeTags. DelegateIsBound: 0
[2017.09.30-17.38.04:073][  0]LogInit: Display: Starting Game.
[2017.09.30-17.38.04:073][  0]LogNet: Browse: /Temp/Autosaves/Game/Maps/UEDPCMainMenu?Name=Player
[2017.09.30-17.38.04:073][  0]LogLoad: LoadMap: /Temp/Autosaves/Game/Maps/UEDPCMainMenu?Name=Player
[2017.09.30-17.38.04:095][  0]LogMemory: Platform Memory Stats for Windows
[2017.09.30-17.38.04:095][  0]LogMemory: Process Physical Memory: 870.55 MB used, 970.14 MB peak
[2017.09.30-17.38.04:095][  0]LogMemory: Process Virtual Memory: 976.38 MB used, 1016.56 MB peak
[2017.09.30-17.38.04:095][  0]LogMemory: Physical Memory: 8928.96 MB used,  7378.07 MB free, 16307.03 MB total
[2017.09.30-17.38.04:095][  0]LogMemory: Virtual Memory: 1773.07 MB used,  7378.07 MB free, 134217728.00 MB total
[2017.09.30-17.38.04:095][  0]LogMemory: 
[2017.09.30-17.38.04:095][  0]Allocator Stats for TBB: (not implemented)
[2017.09.30-17.38.04:232][  0]LogAIModule: Creating AISystem for world MainMenu
[2017.09.30-17.38.04:232][  0]LogLinker: Warning: Can't find file '/Game/RollingBP/Blueprints/RollingGameMode'
[2017.09.30-17.38.04:232][  0]LogUObjectGlobals: Warning: Failed to load '/Game/RollingBP/Blueprints/RollingGameMode': Can't find file '/Game/RollingBP/Blueprints/RollingGameMode'
[2017.09.30-17.38.04:232][  0]LogLinker: Warning: Can't find file '/Game/RollingBP/Blueprints/RollingGameMode'
[2017.09.30-17.38.04:232][  0]LogUObjectGlobals: Warning: Failed to load '/Game/RollingBP/Blueprints/RollingGameMode': Can't find file '/Game/RollingBP/Blueprints/RollingGameMode'
[2017.09.30-17.38.04:232][  0]LogUObjectGlobals: Warning: Failed to find object 'Class /Game/RollingBP/Blueprints/RollingGameMode.RollingGameMode_C'
[2017.09.30-17.38.04:232][  0]LogLoad: Game class is 'GameModeBase'
[2017.09.30-17.38.04:233][  0]LogWorld: Bringing World /Temp/Autosaves/Game/Maps/UEDPCMainMenu.MainMenu up for play (max tick rate 0) at 2017.09.30-13.38.04
[2017.09.30-17.38.04:233][  0]LogWorld: Bringing up level for play took: 0.000474
[2017.09.30-17.38.04:240][  0]LogLoad: Took 0.166578 seconds to LoadMap(/Temp/Autosaves/Game/Maps/UEDPCMainMenu)
[2017.09.30-17.38.04:431][  0]LogRenderer: Reallocating scene render targets to support 1280x720 Format 10 NumSamples 1 (Frame:1).
[2017.09.30-17.38.04:431][  0]LogLoad: (Engine Initialization) Total time: 11.50 seconds
[2017.09.30-17.38.04:431][  0]LogLoad: (Engine Initialization) Total Blueprint compile time: 0.00 seconds
[2017.09.30-17.38.04:431][  0]LogExternalProfiler: No external profilers were discovered.  External profiling features will not be available.
[2017.09.30-17.38.06:820][147]Closing by request
[2017.09.30-17.38.06:820][147]LogWindows: FPlatformMisc::RequestExit(0)
[2017.09.30-17.38.07:158][148]LogWindowsTextInputMethodSystem: Display: IME system now deactivated.
[2017.09.30-17.38.07:158][148]LogWindowsTextInputMethodSystem: Display: IME system now deactivated.
[2017.09.30-17.38.07:163][148]LogWindowsTextInputMethodSystem: Display: IME system now deactivated.
[2017.09.30-17.38.07:163][148]LogWindowsTextInputMethodSystem: Display: IME system now deactivated.
[2017.09.30-17.38.07:164][148]LogExit: Preparing to exit.
[2017.09.30-17.38.07:164][148]LogMoviePlayer: Shutting down movie player
[2017.09.30-17.38.08:048][148]LogExit: Game engine shut down
[2017.09.30-17.38.08:100][148]LogExit: Object subsystem successfully closed.
[2017.09.30-17.38.08:114][148]LogD3D11RHI: Shutdown
[2017.09.30-17.38.08:114][148]LogD3D11RHI: CleanupD3DDevice
[2017.09.30-17.38.08:115][148]LogD3D11RHI: ~FD3D11DynamicRHI
[2017.09.30-17.38.08:123][148]LogModuleManager: Shutting down and abandoning module SequenceRecorderSections (306)
[2017.09.30-17.38.08:123][148]LogModuleManager: Shutting down and abandoning module SequenceRecorder (304)
[2017.09.30-17.38.08:123][148]LogModuleManager: Shutting down and abandoning module AutomationController (302)
[2017.09.30-17.38.08:123][148]LogModuleManager: Shutting down and abandoning module AutomationWorker (300)
[2017.09.30-17.38.08:123][148]LogModuleManager: Shutting down and abandoning module AIModule (298)
[2017.09.30-17.38.08:123][148]LogModuleManager: Shutting down and abandoning module GameplayDebugger (297)
[2017.09.30-17.38.08:123][148]LogModuleManager: Shutting down and abandoning module AITestSuite (295)
[2017.09.30-17.38.08:123][148]LogModuleManager: Shutting down and abandoning module WmfMediaFactory (292)
[2017.09.30-17.38.08:123][148]LogModuleManager: Shutting down and abandoning module AvfMediaFactory (290)
[2017.09.30-17.38.08:123][148]LogModuleManager: Shutting down and abandoning module AndroidMediaFactory (288)
[2017.09.30-17.38.08:123][148]LogModuleManager: Shutting down and abandoning module Media (287)
[2017.09.30-17.38.08:123][148]LogModuleManager: Shutting down and abandoning module CharacterAI (284)
[2017.09.30-17.38.08:123][148]LogModuleManager: Shutting down and abandoning module SessionServices (282)
[2017.09.30-17.38.08:123][148]LogModuleManager: Shutting down and abandoning module MovieSceneCapture (280)
[2017.09.30-17.38.08:123][148]LogModuleManager: Shutting down and abandoning module MovieSceneTracks (278)
[2017.09.30-17.38.08:123][148]LogModuleManager: Shutting down and abandoning module MovieScene (276)
[2017.09.30-17.38.08:123][148]LogModuleManager: Shutting down and abandoning module GeometryCache (274)
[2017.09.30-17.38.08:123][148]LogModuleManager: Shutting down and abandoning module GeometryCacheEd (273)
[2017.09.30-17.38.08:123][148]LogModuleManager: Shutting down and abandoning module Niagara (270)
[2017.09.30-17.38.08:123][148]LogModuleManager: Shutting down and abandoning module NiagaraEditor (269)
[2017.09.30-17.38.08:123][148]LogModuleManager: Shutting down and abandoning module StreamingPauseRendering (266)
[2017.09.30-17.38.08:123][148]LogModuleManager: Shutting down and abandoning module PortalServices (264)
[2017.09.30-17.38.08:123][148]LogModuleManager: Shutting down and abandoning module PortalRpc (262)
[2017.09.30-17.38.08:123][148]LogModuleManager: Shutting down and abandoning module MessagingRpc (260)
[2017.09.30-17.38.08:123][148]LogModuleManager: Shutting down and abandoning module ProfilerService (258)
[2017.09.30-17.38.08:346][148]LogModuleManager: Shutting down and abandoning module TaskGraph (256)
[2017.09.30-17.38.08:346][148]LogModuleManager: Shutting down and abandoning module SteamVRController (254)
[2017.09.30-17.38.08:346][148]LogModuleManager: Shutting down and abandoning module ProceduralMeshComponent (252)
[2017.09.30-17.38.08:346][148]LogModuleManager: Shutting down and abandoning module OculusInput (250)
[2017.09.30-17.38.08:346][148]LogModuleManager: Shutting down and abandoning module MobilePatchingUtils (248)
[2017.09.30-17.38.08:346][148]LogModuleManager: Shutting down and abandoning module CustomMeshComponent (246)
[2017.09.30-17.38.08:346][148]LogModuleManager: Shutting down and abandoning module CableComponent (244)
[2017.09.30-17.38.08:346][148]LogModuleManager: Shutting down and abandoning module ArchVisCharacter (242)
[2017.09.30-17.38.08:346][148]LogModuleManager: Shutting down and abandoning module AndroidPermission (240)
[2017.09.30-17.38.08:346][148]LogModuleManager: Shutting down and abandoning module HTML5Networking (236)
[2017.09.30-17.38.08:346][148]LogModuleManager: Shutting down and abandoning module VisualStudioSourceCodeAccess (234)
[2017.09.30-17.38.08:346][148]LogModuleManager: Shutting down and abandoning module DesktopPlatform (233)
[2017.09.30-17.38.08:346][148]LogModuleManager: Shutting down and abandoning module HotReload (231)
[2017.09.30-17.38.08:346][148]LogModuleManager: Shutting down and abandoning module UObjectPlugin (228)
[2017.09.30-17.38.08:346][148]LogModuleManager: Shutting down and abandoning module SubversionSourceControl (226)
[2017.09.30-17.38.08:346][148]LogModuleManager: Shutting down and abandoning module PerforceSourceControl (224)
[2017.09.30-17.38.08:346][148]LogModuleManager: Shutting down and abandoning module SourceControl (223)
[2017.09.30-17.38.08:346][148]LogModuleManager: Shutting down and abandoning module RuntimePhysXCooking (220)
[2017.09.30-17.38.08:346][148]LogModuleManager: Shutting down and abandoning module PhysXVehiclesEditor (218)
[2017.09.30-17.38.08:346][148]LogModuleManager: Shutting down and abandoning module PhysXVehicles (216)
[2017.09.30-17.38.08:346][148]LogModuleManager: Shutting down and abandoning module LocationServicesBPLibrary (214)
[2017.09.30-17.38.08:346][148]LogModuleManager: Shutting down and abandoning module ImmediatePhysicsEditor (212)
[2017.09.30-17.38.08:347][148]LogModuleManager: Shutting down and abandoning module ImmediatePhysics (210)
[2017.09.30-17.38.08:347][148]LogModuleManager: Shutting down and abandoning module UdpMessaging (208)
[2017.09.30-17.38.08:447][148]LogModuleManager: Shutting down and abandoning module TcpMessaging (206)
[2017.09.30-17.38.08:869][148]LogModuleManager: Shutting down and abandoning module GameplayTagsEditor (204)
[2017.09.30-17.38.08:869][148]LogModuleManager: Shutting down and abandoning module FacialAnimation (202)
[2017.09.30-17.38.08:869][148]LogModuleManager: Shutting down and abandoning module AssetManagerEditor (200)
[2017.09.30-17.38.08:869][148]LogModuleManager: Shutting down and abandoning module GraphEditor (199)
[2017.09.30-17.38.08:869][148]LogModuleManager: Shutting down and abandoning module ContentBrowser (197)
[2017.09.30-17.38.08:869][148]LogModuleManager: Shutting down and abandoning module CollectionManager (196)
[2017.09.30-17.38.08:869][148]LogDirectoryWatcher: A directory notification for 'C:/Users/croch/Documents/Unreal Projects/ElementalSphere/Content/Collections/' was aborted.
[2017.09.30-17.38.08:869][148]LogDirectoryWatcher: A directory notification for 'C:/Users/croch/Documents/Unreal Projects/ElementalSphere/Content/Developers/croch/Collections/' was aborted.
[2017.09.30-17.38.08:869][148]LogDirectoryWatcher: A directory notification for 'C:/Users/croch/Documents/Unreal Projects/ElementalSphere/Saved/Collections/' was aborted.
[2017.09.30-17.38.08:869][148]LogModuleManager: Shutting down and abandoning module DirectoryWatcher (195)
[2017.09.30-17.38.08:869][148]LogModuleManager: Shutting down and abandoning module LightPropagationVolumeRuntime (190)
[2017.09.30-17.38.08:870][148]LogModuleManager: Shutting down and abandoning module Paper2D (188)
[2017.09.30-17.38.08:870][148]LogModuleManager: Shutting down and abandoning module WindowsMoviePlayer (186)
[2017.09.30-17.38.08:870][148]LogModuleManager: Shutting down and abandoning module WmfMedia (184)
[2017.09.30-17.38.08:871][148]LogModuleManager: Shutting down and abandoning module PacketHandler (182)
[2017.09.30-17.38.08:871][148]LogModuleManager: Shutting down and abandoning module ClothingSystemEditor (180)
[2017.09.30-17.38.08:871][148]LogModuleManager: Shutting down and abandoning module ClothingSystemRuntime (178)
[2017.09.30-17.38.08:871][148]LogModuleManager: Shutting down and abandoning module Overlay (176)
[2017.09.30-17.38.08:871][148]LogModuleManager: Shutting down and abandoning module OverlayEditor (175)
[2017.09.30-17.38.08:871][148]LogModuleManager: Shutting down and abandoning module MediaAssets (172)
[2017.09.30-17.38.08:871][148]LogModuleManager: Shutting down and abandoning module VREditor (170)
[2017.09.30-17.38.08:871][148]LogModuleManager: Shutting down and abandoning module StringTableEditor (168)
[2017.09.30-17.38.08:871][148]LogModuleManager: Shutting down and abandoning module GameplayTasksEditor (166)
[2017.09.30-17.38.08:871][148]LogModuleManager: Shutting down and abandoning module BehaviorTreeEditor (164)
[2017.09.30-17.38.08:871][148]LogModuleManager: Shutting down and abandoning module FunctionalTesting (162)
[2017.09.30-17.38.08:871][148]LogModuleManager: Shutting down and abandoning module CollisionAnalyzer (160)
[2017.09.30-17.38.08:871][148]LogModuleManager: Shutting down and abandoning module WorkspaceMenuStructure (159)
[2017.09.30-17.38.08:871][148]LogModuleManager: Shutting down and abandoning module UMG (156)
[2017.09.30-17.38.08:871][148]LogModuleManager: Shutting down and abandoning module UMGEditor (155)
[2017.09.30-17.38.08:871][148]LogModuleManager: Shutting down and abandoning module Sequencer (154)
[2017.09.30-17.38.08:871][148]LogModuleManager: Shutting down and abandoning module MessageLog (151)
[2017.09.30-17.38.08:871][148]LogModuleManager: Shutting down and abandoning module SlateReflector (146)
[2017.09.30-17.38.08:871][148]LogModuleManager: Shutting down and abandoning module Slate (144)
[2017.09.30-17.38.08:871][148]LogModuleManager: Shutting down and abandoning module EditorStyle (142)
[2017.09.30-17.38.08:873][148]LogModuleManager: Shutting down and abandoning module MRMesh (140)
[2017.09.30-17.38.08:873][148]LogModuleManager: Shutting down and abandoning module Messaging (138)
[2017.09.30-17.38.08:873][148]LogModuleManager: Shutting down and abandoning module SourceCodeAccess (136)
[2017.09.30-17.38.08:873][148]LogModuleManager: Shutting down and abandoning module HeadMountedDisplay (134)
[2017.09.30-17.38.08:873][148]LogModuleManager: Shutting down and abandoning module XAudio2 (132)
[2017.09.30-17.38.08:873][148]LogModuleManager: Shutting down and abandoning module Networking (130)
[2017.09.30-17.38.08:873][148]LogModuleManager: Shutting down and abandoning module Core (128)
[2017.09.30-17.38.08:873][148]LogModuleManager: Shutting down and abandoning module KismetCompiler (126)
[2017.09.30-17.38.08:873][148]LogModuleManager: Shutting down and abandoning module LevelSequence (124)
[2017.09.30-17.38.08:873][148]LogModuleManager: Shutting down and abandoning module MeshUtilities (122)
[2017.09.30-17.38.08:873][148]LogModuleManager: Shutting down and abandoning module MeshMergeUtilities (121)
[2017.09.30-17.38.08:873][148]LogModuleManager: Shutting down and abandoning module MeshReductionInterface (120)
[2017.09.30-17.38.08:873][148]LogModuleManager: Shutting down and abandoning module SimplygonSwarm (119)
[2017.09.30-17.38.08:873][148]LogModuleManager: Shutting down and abandoning module SimplygonMeshReduction (117)
[2017.09.30-17.38.08:873][148]LogModuleManager: Shutting down and abandoning module QuadricMeshReduction (115)
[2017.09.30-17.38.08:873][148]LogModuleManager: Shutting down and abandoning module MaterialBaking (111)
[2017.09.30-17.38.08:873][148]LogModuleManager: Shutting down and abandoning module DerivedDataCache (106)
[2017.09.30-17.38.09:164][148]LogDerivedDataCache: Shutdown
[2017.09.30-17.38.09:164][148]LogModuleManager: Shutting down and abandoning module TargetPlatform (104)
[2017.09.30-17.38.09:164][148]LogModuleManager: Shutting down and abandoning module VulkanShaderFormat (103)
[2017.09.30-17.38.09:164][148]LogModuleManager: Shutting down and abandoning module ShaderFormatVectorVM (101)
[2017.09.30-17.38.09:164][148]LogModuleManager: Shutting down and abandoning module ShaderFormatOpenGL (99)
[2017.09.30-17.38.09:164][148]LogModuleManager: Shutting down and abandoning module ShaderFormatD3D (97)
[2017.09.30-17.38.09:164][148]LogModuleManager: Shutting down and abandoning module MetalShaderFormat (95)
[2017.09.30-17.38.09:164][148]LogModuleManager: Shutting down and abandoning module TextureFormatUncompressed (93)
[2017.09.30-17.38.09:164][148]LogModuleManager: Shutting down and abandoning module TextureFormatPVR (91)
[2017.09.30-17.38.09:164][148]LogModuleManager: Shutting down and abandoning module TextureFormatDXT (89)
[2017.09.30-17.38.09:164][148]LogModuleManager: Shutting down and abandoning module TextureFormatIntelISPCTexComp (87)
[2017.09.30-17.38.09:164][148]LogModuleManager: Shutting down and abandoning module TextureFormatASTC (85)
[2017.09.30-17.38.09:164][148]LogModuleManager: Shutting down and abandoning module ImageWrapper (84)
[2017.09.30-17.38.09:164][148]LogModuleManager: Shutting down and abandoning module TextureFormatAndroid (81)
[2017.09.30-17.38.09:164][148]LogModuleManager: Shutting down and abandoning module AudioFormatOpus (79)
[2017.09.30-17.38.09:164][148]LogModuleManager: Shutting down and abandoning module AudioFormatOgg (77)
[2017.09.30-17.38.09:164][148]LogModuleManager: Shutting down and abandoning module AudioFormatADPCM (75)
[2017.09.30-17.38.09:164][148]LogModuleManager: Shutting down and abandoning module WindowsTargetPlatform (73)
[2017.09.30-17.38.09:165][148]LogModuleManager: Shutting down and abandoning module WindowsServerTargetPlatform (71)
[2017.09.30-17.38.09:165][148]LogModuleManager: Shutting down and abandoning module WindowsNoEditorTargetPlatform (69)
[2017.09.30-17.38.09:165][148]LogModuleManager: Shutting down and abandoning module WindowsClientTargetPlatform (67)
[2017.09.30-17.38.09:165][148]LogModuleManager: Shutting down and abandoning module InputCore (64)
[2017.09.30-17.38.09:165][148]LogModuleManager: Shutting down and abandoning module Settings (62)
[2017.09.30-17.38.09:165][148]LogModuleManager: Shutting down and abandoning module PhysXCooking (60)
[2017.09.30-17.38.09:165][148]LogModuleManager: Shutting down and abandoning module SteamVR (58)
[2017.09.30-17.38.09:165][148]LogModuleManager: Shutting down and abandoning module OculusHMD (56)
[2017.09.30-17.38.09:165][148]LogModuleManager: Shutting down and abandoning module ExampleDeviceProfileSelector (54)
[2017.09.30-17.38.09:165][148]LogModuleManager: Shutting down and abandoning module OnlineBlueprintSupport (52)
[2017.09.30-17.38.09:165][148]LogModuleManager: Shutting down and abandoning module OnlineSubsystem (48)
[2017.09.30-17.38.09:168][148]LogOnline: Display: STEAM: OnlineSubsystemSteam::Shutdown()
[2017.09.30-17.38.09:168][148]LogOnline: Display: OSS: FOnlineAsyncTaskManager::Stop() ActiveTask:0000000000000000 Tasks[0/0]
[2017.09.30-17.38.09:227][148]LogOnline: Display: OSS: FOnlineAsyncTaskManager::Exit() started
[2017.09.30-17.38.09:227][148]LogOnline: Display: OSS: FOnlineAsyncTaskManager::Exit() finished
[2017.09.30-17.38.09:227][148]LogOnline: Display: Unloading online subsystem: STEAM
[2017.09.30-17.38.09:227][148]LogOnline: Display: STEAM: OnlineSubsystemSteam::Shutdown()
[2017.09.30-17.38.09:227][148]LogOnline: Display: Unloading online subsystem: NULL
[2017.09.30-17.38.09:227][148]LogModuleManager: Shutting down and abandoning module XMPP (43)
[2017.09.30-17.38.09:228][148]LogModuleManager: Shutting down and abandoning module HTTP (41)
[2017.09.30-17.38.09:254][148]LogModuleManager: Shutting down and abandoning module SSL (40)
[2017.09.30-17.38.09:255][148]LogModuleManager: Shutting down and abandoning module AnimationModifiers (36)
[2017.09.30-17.38.09:255][148]LogModuleManager: Shutting down and abandoning module PropertyEditor (35)
[2017.09.30-17.38.09:255][148]LogModuleManager: Shutting down and abandoning module AudioEditor (32)
[2017.09.30-17.38.09:255][148]LogModuleManager: Shutting down and abandoning module TextureCompressor (30)
[2017.09.30-17.38.09:255][148]LogModuleManager: Shutting down and abandoning module ShaderCore (28)
[2017.09.30-17.38.09:255][148]LogModuleManager: Shutting down and abandoning module Landscape (26)
[2017.09.30-17.38.09:255][148]LogModuleManager: Shutting down and abandoning module SlateRHIRenderer (24)
[2017.09.30-17.38.09:255][148]LogModuleManager: Shutting down and abandoning module OpenGLDrv (22)
[2017.09.30-17.38.09:255][148]LogModuleManager: Shutting down and abandoning module D3D11RHI (20)
[2017.09.30-17.38.09:255][148]LogModuleManager: Shutting down and abandoning module AnimGraphRuntime (18)
[2017.09.30-17.38.09:255][148]LogModuleManager: Shutting down and abandoning module Renderer (16)
[2017.09.30-17.38.09:255][148]LogModuleManager: Shutting down and abandoning module Engine (14)
[2017.09.30-17.38.09:255][148]LogModuleManager: Shutting down and abandoning module CoreUObject (12)
[2017.09.30-17.38.09:255][148]LogModuleManager: Shutting down and abandoning module NetworkFile (10)
[2017.09.30-17.38.09:255][148]LogModuleManager: Shutting down and abandoning module CookedIterativeFile (8)
[2017.09.30-17.38.09:255][148]LogModuleManager: Shutting down and abandoning module StreamingFile (6)
[2017.09.30-17.38.09:255][148]LogModuleManager: Shutting down and abandoning module SandboxFile (4)
[2017.09.30-17.38.09:255][148]LogModuleManager: Shutting down and abandoning module PakFile (2)
[2017.09.30-17.38.09:257][148]LogExit: Exiting.
[2017.09.30-17.38.09:259][148]Log file closed, 09/30/17 13:38:09
